Build started 7/8/2012 4:45:46 PM.
Overriding target "GetFrameworkPaths" in project "c:\Windows\Microsoft.NET\Framework\v4.0.30319\Microsoft.Common.targets" with target "GetFrameworkPaths" from project "c:\Windows\Microsoft.NET\Framework\v4.0.30319\Microsoft.NETFramework.targets".
Overriding target "SatelliteDllsProjectOutputGroup" in project "c:\Windows\Microsoft.NET\Framework\v4.0.30319\Microsoft.Common.targets" with target "SatelliteDllsProjectOutputGroup" from project "c:\Windows\Microsoft.NET\Framework\v4.0.30319\Microsoft.WinFX.targets".
Project "C:\Users\amsathm\AppData\Local\Syncfusion\EssentialStudio\10.2.0.56\Windows\Diagram.Windows\Samples\2.0\Use Case Diagrams\Flow Diagram\cs\FlowDiagram_2010.csproj" on node 1 (default targets).
Building with tools version "4.0".
Target "_CheckForInvalidConfigurationAndPlatform" in file "c:\Windows\Microsoft.NET\Framework\v4.0.30319\Microsoft.Common.targets" from project "C:\Users\amsathm\AppData\Local\Syncfusion\EssentialStudio\10.2.0.56\Windows\Diagram.Windows\Samples\2.0\Use Case Diagrams\Flow Diagram\cs\FlowDiagram_2010.csproj" (entry point):
Task "Error" skipped, due to false condition; ( '$(_InvalidConfigurationError)' == 'true' ) was evaluated as ( '' == 'true' ).
Task "Warning" skipped, due to false condition; ( '$(_InvalidConfigurationWarning)' == 'true' ) was evaluated as ( '' == 'true' ).
Using "Message" task from assembly "Microsoft.Build.Tasks.v4.0, Version=4.0.0.0, Culture=neutral, PublicKeyToken=b03f5f7f11d50a3a".
Task "Message"
  Configuration=Release
Done executing task "Message".
Task "Message"
  Platform=x86
Done executing task "Message".
Task "Error" skipped, due to false condition; ('$(OutDir)' != '' and !HasTrailingSlash('$(OutDir)')) was evaluated as ('bin\Release\' != '' and !HasTrailingSlash('bin\Release\')).
Task "Error" skipped, due to false condition; ('$(BaseIntermediateOutputPath)' != '' and !HasTrailingSlash('$(BaseIntermediateOutputPath)')) was evaluated as ('obj\' != '' and !HasTrailingSlash('obj\')).
Task "Error" skipped, due to false condition; ('$(IntermediateOutputPath)' != '' and !HasTrailingSlash('$(IntermediateOutputPath)')) was evaluated as ('obj\x86\Release\' != '' and !HasTrailingSlash('obj\x86\Release\')).
Done building target "_CheckForInvalidConfigurationAndPlatform" in project "FlowDiagram_2010.csproj".
Target "EntityDeploy" skipped, due to false condition; ('@(EntityDeploy)' != '') was evaluated as ('' != '').
Target "BeforeBuild" in file "c:\Windows\Microsoft.NET\Framework\v4.0.30319\Microsoft.Common.targets" from project "C:\Users\amsathm\AppData\Local\Syncfusion\EssentialStudio\10.2.0.56\Windows\Diagram.Windows\Samples\2.0\Use Case Diagrams\Flow Diagram\cs\FlowDiagram_2010.csproj" (target "Build" depends on it):
Done building target "BeforeBuild" in project "FlowDiagram_2010.csproj".
Target "BuildOnlySettings" in file "c:\Windows\Microsoft.NET\Framework\v4.0.30319\Microsoft.Common.targets" from project "C:\Users\amsathm\AppData\Local\Syncfusion\EssentialStudio\10.2.0.56\Windows\Diagram.Windows\Samples\2.0\Use Case Diagrams\Flow Diagram\cs\FlowDiagram_2010.csproj" (target "CoreBuild" depends on it):
Done building target "BuildOnlySettings" in project "FlowDiagram_2010.csproj".
Target "GetFrameworkPaths" in file "c:\Windows\Microsoft.NET\Framework\v4.0.30319\Microsoft.NETFramework.targets" from project "C:\Users\amsathm\AppData\Local\Syncfusion\EssentialStudio\10.2.0.56\Windows\Diagram.Windows\Samples\2.0\Use Case Diagrams\Flow Diagram\cs\FlowDiagram_2010.csproj" (target "PrepareForBuild" depends on it):
Done building target "GetFrameworkPaths" in project "FlowDiagram_2010.csproj".
Target "GetWinFXPath" skipped, due to false condition; (('@(Page)' != '' or '@(ApplicationDefinition)' != '' or '@(Resource)' != '') and ('$(GetWinFXNativePath)' != '' or '$(GetWinFXWoWPath)' != '' )) was evaluated as (('' != '' or '' != '' or '' != '') and ('' != '' or '' != '' )).
Target "GetReferenceAssemblyPaths" in file "c:\Windows\Microsoft.NET\Framework\v4.0.30319\Microsoft.Common.targets" from project "C:\Users\amsathm\AppData\Local\Syncfusion\EssentialStudio\10.2.0.56\Windows\Diagram.Windows\Samples\2.0\Use Case Diagrams\Flow Diagram\cs\FlowDiagram_2010.csproj" (target "PrepareForBuild" depends on it):
Task "GetReferenceAssemblyPaths" skipped, due to false condition; ('$(TargetFrameworkMoniker)' != '' and ('$(_TargetFrameworkDirectories)' == '' or '$(_FullFrameworkReferenceAssemblyPaths)' == '')) was evaluated as ('.NETFramework,Version=v4.0' != '' and ('C:\Program Files (x86)\Reference Assemblies\Microsoft\Framework\.NETFramework\v4.0' == '' or 'C:\Program Files (x86)\Reference Assemblies\Microsoft\Framework\.NETFramework\v4.0' == '')).
Done building target "GetReferenceAssemblyPaths" in project "FlowDiagram_2010.csproj".
Target "PrepareForBuild" in file "c:\Windows\Microsoft.NET\Framework\v4.0.30319\Microsoft.Common.targets" from project "C:\Users\amsathm\AppData\Local\Syncfusion\EssentialStudio\10.2.0.56\Windows\Diagram.Windows\Samples\2.0\Use Case Diagrams\Flow Diagram\cs\FlowDiagram_2010.csproj" (target "CoreBuild" depends on it):
Using "FindAppConfigFile" task from assembly "Microsoft.Build.Tasks.v4.0, Version=4.0.0.0, Culture=neutral, PublicKeyToken=b03f5f7f11d50a3a".
Task "FindAppConfigFile"
  Found "app.config".
Done executing task "FindAppConfigFile".
Using "MakeDir" task from assembly "Microsoft.Build.Tasks.v4.0, Version=4.0.0.0, Culture=neutral, PublicKeyToken=b03f5f7f11d50a3a".
Task "MakeDir"
Done executing task "MakeDir".
Done building target "PrepareForBuild" in project "FlowDiagram_2010.csproj".
Target "PreBuildEvent" skipped, due to false condition; ('$(PreBuildEvent)'!='') was evaluated as (''!='').
Target "BeforeResolveReferences" in file "c:\Windows\Microsoft.NET\Framework\v4.0.30319\Microsoft.Common.targets" from project "C:\Users\amsathm\AppData\Local\Syncfusion\EssentialStudio\10.2.0.56\Windows\Diagram.Windows\Samples\2.0\Use Case Diagrams\Flow Diagram\cs\FlowDiagram_2010.csproj" (target "ResolveReferences" depends on it):
Done building target "BeforeResolveReferences" in project "FlowDiagram_2010.csproj".
Target "AssignProjectConfiguration" skipped, due to false condition; ('@(ProjectReference)'!='') was evaluated as (''!='').
Target "AssignProjectConfiguration" skipped, due to false condition; ('@(ProjectReference)'!='') was evaluated as (''!='').
Target "_SplitProjectReferencesByFileExistence" in file "c:\Windows\Microsoft.NET\Framework\v4.0.30319\Microsoft.Common.targets" from project "C:\Users\amsathm\AppData\Local\Syncfusion\EssentialStudio\10.2.0.56\Windows\Diagram.Windows\Samples\2.0\Use Case Diagrams\Flow Diagram\cs\FlowDiagram_2010.csproj" (target "ResolveProjectReferences" depends on it):
Task "ResolveNonMSBuildProjectOutput" skipped, due to false condition; ('$(BuildingInsideVisualStudio)'=='true' and '@(ProjectReferenceWithConfiguration)'!='') was evaluated as (''=='true' and ''!='').
Done building target "_SplitProjectReferencesByFileExistence" in project "FlowDiagram_2010.csproj".
Target "ResolveProjectReferences" in file "c:\Windows\Microsoft.NET\Framework\v4.0.30319\Microsoft.Common.targets" from project "C:\Users\amsathm\AppData\Local\Syncfusion\EssentialStudio\10.2.0.56\Windows\Diagram.Windows\Samples\2.0\Use Case Diagrams\Flow Diagram\cs\FlowDiagram_2010.csproj" (target "ResolveReferences" depends on it):
Task "MSBuild" skipped, due to false condition; ('%(_MSBuildProjectReferenceExistent.BuildReference)' == 'true' and '@(ProjectReferenceWithConfiguration)' != '' and ('$(BuildingInsideVisualStudio)' == 'true' or '$(BuildProjectReferences)' != 'true') and '@(_MSBuildProjectReferenceExistent)' != '') was evaluated as ('' == 'true' and '' != '' and ('' == 'true' or 'true' != 'true') and '' != '').
Task "MSBuild" skipped, due to false condition; ('%(_MSBuildProjectReferenceExistent.BuildReference)' == 'true' and '@(ProjectReferenceWithConfiguration)' != '' and '$(BuildingInsideVisualStudio)' != 'true' and '$(BuildProjectReferences)' == 'true' and '@(_MSBuildProjectReferenceExistent)' != '') was evaluated as ('' == 'true' and '' != '' and '' != 'true' and 'true' == 'true' and '' != '').
Task "MSBuild" skipped, due to false condition; ('%(_MSBuildProjectReferenceExistent.BuildReference)' == 'true' and '@(ProjectReferenceWithConfiguration)' != '' and '$(BuildingProject)' == 'true' and '@(_MSBuildProjectReferenceExistent)' != '') was evaluated as ('' == 'true' and '' != '' and 'true' == 'true' and '' != '').
Task "Warning" skipped, due to false condition; ('@(ProjectReferenceWithConfiguration)' != '' and '@(_MSBuildProjectReferenceNonexistent)' != '') was evaluated as ('' != '' and '' != '').
Done building target "ResolveProjectReferences" in project "FlowDiagram_2010.csproj".
Target "ResolveNativeReferences" skipped, due to false condition; ('@(NativeReference)'!='') was evaluated as (''!='').
Target "GetFrameworkPaths" skipped. Previously built successfully.
Target "GetReferenceAssemblyPaths" skipped. Previously built successfully.
Target "PrepareForBuild" skipped. Previously built successfully.
Target "ResolveAssemblyReferences" in file "c:\Windows\Microsoft.NET\Framework\v4.0.30319\Microsoft.Common.targets" from project "C:\Users\amsathm\AppData\Local\Syncfusion\EssentialStudio\10.2.0.56\Windows\Diagram.Windows\Samples\2.0\Use Case Diagrams\Flow Diagram\cs\FlowDiagram_2010.csproj" (target "ResolveReferences" depends on it):
Using "ResolveAssemblyReference" task from assembly "Microsoft.Build.Tasks.v4.0, Version=4.0.0.0, Culture=neutral, PublicKeyToken=b03f5f7f11d50a3a".
Task "ResolveAssemblyReference"
  TargetFrameworkMoniker:
      .NETFramework,Version=v4.0
  TargetFrameworkMonikerDisplayName:
      .NET Framework 4
  TargetedRuntimeVersion:
      v4.0.30319
  Assemblies:
      Syncfusion.Core, Version=10.204.0.56, Culture=neutral, PublicKeyToken=632609b4d040f6b4, processorArchitecture=MSIL
      Syncfusion.Diagram.Base, Version=10.204.0.56, Culture=neutral, PublicKeyToken=3d67ed1f87d44c89, processorArchitecture=MSIL
      Syncfusion.Diagram.Windows, Version=10.204.0.56, Culture=neutral, PublicKeyToken=3d67ed1f87d44c89, processorArchitecture=MSIL
      Syncfusion.Shared.Base, Version=10.204.0.56, Culture=neutral, PublicKeyToken=3d67ed1f87d44c89, processorArchitecture=MSIL
      Syncfusion.Shared.Windows, Version=10.204.0.56, Culture=neutral, PublicKeyToken=3d67ed1f87d44c89, processorArchitecture=MSIL
      System
      System.Xml.Linq
      System.Data.DataSetExtensions
      Microsoft.CSharp
      System.Data
      System.Deployment
      System.Drawing
      System.Windows.Forms
      System.Xml
      System.Core
  AssemblyFiles:
      C:\Program Files (x86)\Reference Assemblies\Microsoft\Framework\.NETFramework\v4.0\mscorlib.dll
  CandidateAssemblyFiles:
  TargetFrameworkDirectories:
      C:\Program Files (x86)\Reference Assemblies\Microsoft\Framework\.NETFramework\v4.0
  InstalledAssemblyTables:
  IgnoreInstalledAssemblyTable:
      False
  SearchPaths:
      {CandidateAssemblyFiles}
      {HintPathFromItem}
      {TargetFrameworkDirectory}
      {Registry:Software\Microsoft\.NETFramework,v4.0,AssemblyFoldersEx}
      {AssemblyFolders}
      {GAC}
      {RawFileName}
      bin\Release\
  AllowedAssemblyExtensions:
      .dll
      .exe
  AllowedRelatedFileExtensions:
      .pdb
      .xml
  AppConfigFile:
      app.config
  AutoUnify:
      False
  CopyLocalDependenciesWhenParentReferenceInGac:
      True
  FindDependencies:
      True
  TargetProcessorArchitecture:
      x86
  StateFile:
      obj\x86\Release\ResolveAssemblyReference.cache
  InstalledAssemblySubsetTables:
  IgnoreInstalledAssemblySubsetTable:
      False
  TargetFrameworkSubsets:
  FullTargetFrameworkSubsetNames:
      Full
  ProfileName:
      
  ProfileFullFrameworkFolders:
      C:\Program Files (x86)\Reference Assemblies\Microsoft\Framework\.NETFramework\v4.0
  LatestTargetFrameworkDirectories:
  ProfileTablesLocation:
  Primary reference "mscorlib, Version=4.0.0.0, Culture=neutral, PublicKeyToken=b77a5c561934e089".
      Resolved file path is "C:\Program Files (x86)\Reference Assemblies\Microsoft\Framework\.NETFramework\v4.0\mscorlib.dll".
      Reference found at search path location "C:\Program Files (x86)\Reference Assemblies\Microsoft\Framework\.NETFramework\v4.0\mscorlib.dll".
      This reference is not "CopyLocal" because it's a prerequisite file.
  Primary reference "Syncfusion.Core, Version=10.204.0.56, Culture=neutral, PublicKeyToken=632609b4d040f6b4".
      Resolved file path is "C:\Program Files (x86)\Syncfusion\Essential Studio\10.2.0.56\assemblies\4.0\Syncfusion.Core.dll".
      Reference found at search path location "{Registry:Software\Microsoft\.NETFramework,v4.0,AssemblyFoldersEx}".
          For SearchPath "{TargetFrameworkDirectory}".
          Considered "C:\Program Files (x86)\Reference Assemblies\Microsoft\Framework\.NETFramework\v4.0\Syncfusion.Core.dll", but it didn't exist.
          Considered "C:\Program Files (x86)\Reference Assemblies\Microsoft\Framework\.NETFramework\v4.0\Syncfusion.Core.exe", but it didn't exist.
          For SearchPath "{Registry:Software\Microsoft\.NETFramework,v4.0,AssemblyFoldersEx}".
          Considered "c:\Program Files (x86)\Microsoft Visual Studio 10.0\Common7\IDE\ReferenceAssemblies\v4.0\Syncfusion.Core.dll", but it didn't exist.
          Considered "c:\Program Files (x86)\Microsoft Visual Studio 10.0\Common7\IDE\ReferenceAssemblies\v4.0\Syncfusion.Core.exe", but it didn't exist.
          Considered "C:\Program Files\Reference Assemblies\Microsoft\VSTO40\v4.0.Framework\Syncfusion.Core.dll", but it didn't exist.
          Considered "C:\Program Files\Reference Assemblies\Microsoft\VSTO40\v4.0.Framework\Syncfusion.Core.exe", but it didn't exist.
          Considered "C:\Program Files\Reference Assemblies\Microsoft\VSTA30\v9.0\Syncfusion.Core.dll", but it didn't exist.
          Considered "C:\Program Files\Reference Assemblies\Microsoft\VSTA30\v9.0\Syncfusion.Core.exe", but it didn't exist.
          Considered "C:\Program Files\Reference Assemblies\Microsoft\VSTA30\v8.0\Syncfusion.Core.dll", but it didn't exist.
          Considered "C:\Program Files\Reference Assemblies\Microsoft\VSTA30\v8.0\Syncfusion.Core.exe", but it didn't exist.
          Considered "C:\Program Files\Reference Assemblies\Microsoft\VSTA30\v10.0\Syncfusion.Core.dll", but it didn't exist.
          Considered "C:\Program Files\Reference Assemblies\Microsoft\VSTA30\v10.0\Syncfusion.Core.exe", but it didn't exist.
          Considered "C:\Program Files (x86)\Microsoft Visual Studio 10.0\Visual Studio Tools for Office\PIA\Office14\Syncfusion.Core.dll", but it didn't exist.
          Considered "C:\Program Files (x86)\Microsoft Visual Studio 10.0\Visual Studio Tools for Office\PIA\Office14\Syncfusion.Core.exe", but it didn't exist.
          Considered "C:\Program Files (x86)\Microsoft Visual Studio 10.0\Visual Studio Tools for Office\PIA\Office12\Syncfusion.Core.dll", but it didn't exist.
          Considered "C:\Program Files (x86)\Microsoft Visual Studio 10.0\Visual Studio Tools for Office\PIA\Office12\Syncfusion.Core.exe", but it didn't exist.
          Considered "C:\Program Files (x86)\Microsoft Visual Studio 10.0\Visual Studio Tools for Office\PIA\Common\Syncfusion.Core.dll", but it didn't exist.
          Considered "C:\Program Files (x86)\Microsoft Visual Studio 10.0\Visual Studio Tools for Office\PIA\Common\Syncfusion.Core.exe", but it didn't exist.
          Considered "C:\Program Files (x86)\Microsoft Visual Studio 10.0\Common7\IDE\Extensions\Microsoft\SharePoint\PublicAssemblies\Syncfusion.Core.dll", but it didn't exist.
          Considered "C:\Program Files (x86)\Microsoft Visual Studio 10.0\Common7\IDE\Extensions\Microsoft\SharePoint\PublicAssemblies\Syncfusion.Core.exe", but it didn't exist.
          Considered "C:\Program Files (x86)\MSBuild\Microsoft.Cpp\v4.0\Platforms\x64\Syncfusion.Core.dll", but it didn't exist.
          Considered "C:\Program Files (x86)\MSBuild\Microsoft.Cpp\v4.0\Platforms\x64\Syncfusion.Core.exe", but it didn't exist.
          Considered "c:\Program Files (x86)\MSBuild\Microsoft.Cpp\v4.0\Platforms\Win32\Syncfusion.Core.dll", but it didn't exist.
          Considered "c:\Program Files (x86)\MSBuild\Microsoft.Cpp\v4.0\Platforms\Win32\Syncfusion.Core.exe", but it didn't exist.
          Considered "c:\Program Files (x86)\MSBuild\Microsoft.Cpp\v4.0\Syncfusion.Core.dll", but it didn't exist.
          Considered "c:\Program Files (x86)\MSBuild\Microsoft.Cpp\v4.0\Syncfusion.Core.exe", but it didn't exist.
          Considered "C:\Program Files (x86)\Reference Assemblies\Microsoft\VBPowerPacks\v10.0\Syncfusion.Core.dll", but it didn't exist.
          Considered "C:\Program Files (x86)\Reference Assemblies\Microsoft\VBPowerPacks\v10.0\Syncfusion.Core.exe", but it didn't exist.
          Considered "c:\Program Files (x86)\Microsoft Synchronization Services\ADO.NET\v1.0\Syncfusion.Core.dll", but it didn't exist.
          Considered "c:\Program Files (x86)\Microsoft Synchronization Services\ADO.NET\v1.0\Syncfusion.Core.exe", but it didn't exist.
          Considered "C:\Program Files (x86)\Syncfusion\Essential Studio\10.2.0.56\assemblies\4.0\Syncfusion.Core.exe", but it didn't exist.
      This reference is not "CopyLocal" because it's registered in the GAC.
  Primary reference "Syncfusion.Diagram.Base, Version=10.204.0.56, Culture=neutral, PublicKeyToken=3d67ed1f87d44c89".
      Resolved file path is "C:\Program Files (x86)\Syncfusion\Essential Studio\10.2.0.56\assemblies\4.0\Syncfusion.Diagram.Base.dll".
      Reference found at search path location "{Registry:Software\Microsoft\.NETFramework,v4.0,AssemblyFoldersEx}".
          For SearchPath "{TargetFrameworkDirectory}".
          Considered "C:\Program Files (x86)\Reference Assemblies\Microsoft\Framework\.NETFramework\v4.0\Syncfusion.Diagram.Base.dll", but it didn't exist.
          Considered "C:\Program Files (x86)\Reference Assemblies\Microsoft\Framework\.NETFramework\v4.0\Syncfusion.Diagram.Base.exe", but it didn't exist.
          For SearchPath "{Registry:Software\Microsoft\.NETFramework,v4.0,AssemblyFoldersEx}".
          Considered "c:\Program Files (x86)\Microsoft Visual Studio 10.0\Common7\IDE\ReferenceAssemblies\v4.0\Syncfusion.Diagram.Base.dll", but it didn't exist.
          Considered "c:\Program Files (x86)\Microsoft Visual Studio 10.0\Common7\IDE\ReferenceAssemblies\v4.0\Syncfusion.Diagram.Base.exe", but it didn't exist.
          Considered "C:\Program Files\Reference Assemblies\Microsoft\VSTO40\v4.0.Framework\Syncfusion.Diagram.Base.dll", but it didn't exist.
          Considered "C:\Program Files\Reference Assemblies\Microsoft\VSTO40\v4.0.Framework\Syncfusion.Diagram.Base.exe", but it didn't exist.
          Considered "C:\Program Files\Reference Assemblies\Microsoft\VSTA30\v9.0\Syncfusion.Diagram.Base.dll", but it didn't exist.
          Considered "C:\Program Files\Reference Assemblies\Microsoft\VSTA30\v9.0\Syncfusion.Diagram.Base.exe", but it didn't exist.
          Considered "C:\Program Files\Reference Assemblies\Microsoft\VSTA30\v8.0\Syncfusion.Diagram.Base.dll", but it didn't exist.
          Considered "C:\Program Files\Reference Assemblies\Microsoft\VSTA30\v8.0\Syncfusion.Diagram.Base.exe", but it didn't exist.
          Considered "C:\Program Files\Reference Assemblies\Microsoft\VSTA30\v10.0\Syncfusion.Diagram.Base.dll", but it didn't exist.
          Considered "C:\Program Files\Reference Assemblies\Microsoft\VSTA30\v10.0\Syncfusion.Diagram.Base.exe", but it didn't exist.
          Considered "C:\Program Files (x86)\Microsoft Visual Studio 10.0\Visual Studio Tools for Office\PIA\Office14\Syncfusion.Diagram.Base.dll", but it didn't exist.
          Considered "C:\Program Files (x86)\Microsoft Visual Studio 10.0\Visual Studio Tools for Office\PIA\Office14\Syncfusion.Diagram.Base.exe", but it didn't exist.
          Considered "C:\Program Files (x86)\Microsoft Visual Studio 10.0\Visual Studio Tools for Office\PIA\Office12\Syncfusion.Diagram.Base.dll", but it didn't exist.
          Considered "C:\Program Files (x86)\Microsoft Visual Studio 10.0\Visual Studio Tools for Office\PIA\Office12\Syncfusion.Diagram.Base.exe", but it didn't exist.
          Considered "C:\Program Files (x86)\Microsoft Visual Studio 10.0\Visual Studio Tools for Office\PIA\Common\Syncfusion.Diagram.Base.dll", but it didn't exist.
          Considered "C:\Program Files (x86)\Microsoft Visual Studio 10.0\Visual Studio Tools for Office\PIA\Common\Syncfusion.Diagram.Base.exe", but it didn't exist.
          Considered "C:\Program Files (x86)\Microsoft Visual Studio 10.0\Common7\IDE\Extensions\Microsoft\SharePoint\PublicAssemblies\Syncfusion.Diagram.Base.dll", but it didn't exist.
          Considered "C:\Program Files (x86)\Microsoft Visual Studio 10.0\Common7\IDE\Extensions\Microsoft\SharePoint\PublicAssemblies\Syncfusion.Diagram.Base.exe", but it didn't exist.
          Considered "C:\Program Files (x86)\MSBuild\Microsoft.Cpp\v4.0\Platforms\x64\Syncfusion.Diagram.Base.dll", but it didn't exist.
          Considered "C:\Program Files (x86)\MSBuild\Microsoft.Cpp\v4.0\Platforms\x64\Syncfusion.Diagram.Base.exe", but it didn't exist.
          Considered "c:\Program Files (x86)\MSBuild\Microsoft.Cpp\v4.0\Platforms\Win32\Syncfusion.Diagram.Base.dll", but it didn't exist.
          Considered "c:\Program Files (x86)\MSBuild\Microsoft.Cpp\v4.0\Platforms\Win32\Syncfusion.Diagram.Base.exe", but it didn't exist.
          Considered "c:\Program Files (x86)\MSBuild\Microsoft.Cpp\v4.0\Syncfusion.Diagram.Base.dll", but it didn't exist.
          Considered "c:\Program Files (x86)\MSBuild\Microsoft.Cpp\v4.0\Syncfusion.Diagram.Base.exe", but it didn't exist.
          Considered "C:\Program Files (x86)\Reference Assemblies\Microsoft\VBPowerPacks\v10.0\Syncfusion.Diagram.Base.dll", but it didn't exist.
          Considered "C:\Program Files (x86)\Reference Assemblies\Microsoft\VBPowerPacks\v10.0\Syncfusion.Diagram.Base.exe", but it didn't exist.
          Considered "c:\Program Files (x86)\Microsoft Synchronization Services\ADO.NET\v1.0\Syncfusion.Diagram.Base.dll", but it didn't exist.
          Considered "c:\Program Files (x86)\Microsoft Synchronization Services\ADO.NET\v1.0\Syncfusion.Diagram.Base.exe", but it didn't exist.
          Considered "C:\Program Files (x86)\Syncfusion\Essential Studio\10.2.0.56\assemblies\4.0\Syncfusion.Diagram.Base.exe", but it didn't exist.
      Found related file "C:\Program Files (x86)\Syncfusion\Essential Studio\10.2.0.56\assemblies\4.0\Syncfusion.Diagram.Base.xml".
      This reference is not "CopyLocal" because it's registered in the GAC.
  Primary reference "Syncfusion.Diagram.Windows, Version=10.204.0.56, Culture=neutral, PublicKeyToken=3d67ed1f87d44c89".
      Resolved file path is "C:\Program Files (x86)\Syncfusion\Essential Studio\10.2.0.56\assemblies\4.0\Syncfusion.Diagram.Windows.dll".
      Reference found at search path location "{Registry:Software\Microsoft\.NETFramework,v4.0,AssemblyFoldersEx}".
          For SearchPath "{TargetFrameworkDirectory}".
          Considered "C:\Program Files (x86)\Reference Assemblies\Microsoft\Framework\.NETFramework\v4.0\Syncfusion.Diagram.Windows.dll", but it didn't exist.
          Considered "C:\Program Files (x86)\Reference Assemblies\Microsoft\Framework\.NETFramework\v4.0\Syncfusion.Diagram.Windows.exe", but it didn't exist.
          For SearchPath "{Registry:Software\Microsoft\.NETFramework,v4.0,AssemblyFoldersEx}".
          Considered "c:\Program Files (x86)\Microsoft Visual Studio 10.0\Common7\IDE\ReferenceAssemblies\v4.0\Syncfusion.Diagram.Windows.dll", but it didn't exist.
          Considered "c:\Program Files (x86)\Microsoft Visual Studio 10.0\Common7\IDE\ReferenceAssemblies\v4.0\Syncfusion.Diagram.Windows.exe", but it didn't exist.
          Considered "C:\Program Files\Reference Assemblies\Microsoft\VSTO40\v4.0.Framework\Syncfusion.Diagram.Windows.dll", but it didn't exist.
          Considered "C:\Program Files\Reference Assemblies\Microsoft\VSTO40\v4.0.Framework\Syncfusion.Diagram.Windows.exe", but it didn't exist.
          Considered "C:\Program Files\Reference Assemblies\Microsoft\VSTA30\v9.0\Syncfusion.Diagram.Windows.dll", but it didn't exist.
          Considered "C:\Program Files\Reference Assemblies\Microsoft\VSTA30\v9.0\Syncfusion.Diagram.Windows.exe", but it didn't exist.
          Considered "C:\Program Files\Reference Assemblies\Microsoft\VSTA30\v8.0\Syncfusion.Diagram.Windows.dll", but it didn't exist.
          Considered "C:\Program Files\Reference Assemblies\Microsoft\VSTA30\v8.0\Syncfusion.Diagram.Windows.exe", but it didn't exist.
          Considered "C:\Program Files\Reference Assemblies\Microsoft\VSTA30\v10.0\Syncfusion.Diagram.Windows.dll", but it didn't exist.
          Considered "C:\Program Files\Reference Assemblies\Microsoft\VSTA30\v10.0\Syncfusion.Diagram.Windows.exe", but it didn't exist.
          Considered "C:\Program Files (x86)\Microsoft Visual Studio 10.0\Visual Studio Tools for Office\PIA\Office14\Syncfusion.Diagram.Windows.dll", but it didn't exist.
          Considered "C:\Program Files (x86)\Microsoft Visual Studio 10.0\Visual Studio Tools for Office\PIA\Office14\Syncfusion.Diagram.Windows.exe", but it didn't exist.
          Considered "C:\Program Files (x86)\Microsoft Visual Studio 10.0\Visual Studio Tools for Office\PIA\Office12\Syncfusion.Diagram.Windows.dll", but it didn't exist.
          Considered "C:\Program Files (x86)\Microsoft Visual Studio 10.0\Visual Studio Tools for Office\PIA\Office12\Syncfusion.Diagram.Windows.exe", but it didn't exist.
          Considered "C:\Program Files (x86)\Microsoft Visual Studio 10.0\Visual Studio Tools for Office\PIA\Common\Syncfusion.Diagram.Windows.dll", but it didn't exist.
          Considered "C:\Program Files (x86)\Microsoft Visual Studio 10.0\Visual Studio Tools for Office\PIA\Common\Syncfusion.Diagram.Windows.exe", but it didn't exist.
          Considered "C:\Program Files (x86)\Microsoft Visual Studio 10.0\Common7\IDE\Extensions\Microsoft\SharePoint\PublicAssemblies\Syncfusion.Diagram.Windows.dll", but it didn't exist.
          Considered "C:\Program Files (x86)\Microsoft Visual Studio 10.0\Common7\IDE\Extensions\Microsoft\SharePoint\PublicAssemblies\Syncfusion.Diagram.Windows.exe", but it didn't exist.
          Considered "C:\Program Files (x86)\MSBuild\Microsoft.Cpp\v4.0\Platforms\x64\Syncfusion.Diagram.Windows.dll", but it didn't exist.
          Considered "C:\Program Files (x86)\MSBuild\Microsoft.Cpp\v4.0\Platforms\x64\Syncfusion.Diagram.Windows.exe", but it didn't exist.
          Considered "c:\Program Files (x86)\MSBuild\Microsoft.Cpp\v4.0\Platforms\Win32\Syncfusion.Diagram.Windows.dll", but it didn't exist.
          Considered "c:\Program Files (x86)\MSBuild\Microsoft.Cpp\v4.0\Platforms\Win32\Syncfusion.Diagram.Windows.exe", but it didn't exist.
          Considered "c:\Program Files (x86)\MSBuild\Microsoft.Cpp\v4.0\Syncfusion.Diagram.Windows.dll", but it didn't exist.
          Considered "c:\Program Files (x86)\MSBuild\Microsoft.Cpp\v4.0\Syncfusion.Diagram.Windows.exe", but it didn't exist.
          Considered "C:\Program Files (x86)\Reference Assemblies\Microsoft\VBPowerPacks\v10.0\Syncfusion.Diagram.Windows.dll", but it didn't exist.
          Considered "C:\Program Files (x86)\Reference Assemblies\Microsoft\VBPowerPacks\v10.0\Syncfusion.Diagram.Windows.exe", but it didn't exist.
          Considered "c:\Program Files (x86)\Microsoft Synchronization Services\ADO.NET\v1.0\Syncfusion.Diagram.Windows.dll", but it didn't exist.
          Considered "c:\Program Files (x86)\Microsoft Synchronization Services\ADO.NET\v1.0\Syncfusion.Diagram.Windows.exe", but it didn't exist.
          Considered "C:\Program Files (x86)\Syncfusion\Essential Studio\10.2.0.56\assemblies\4.0\Syncfusion.Diagram.Windows.exe", but it didn't exist.
      Found related file "C:\Program Files (x86)\Syncfusion\Essential Studio\10.2.0.56\assemblies\4.0\Syncfusion.Diagram.Windows.xml".
      This reference is not "CopyLocal" because it's registered in the GAC.
  Primary reference "Syncfusion.Shared.Base, Version=10.204.0.56, Culture=neutral, PublicKeyToken=3d67ed1f87d44c89".
      Resolved file path is "C:\Program Files (x86)\Syncfusion\Essential Studio\10.2.0.56\assemblies\4.0\Syncfusion.Shared.Base.dll".
      Reference found at search path location "{Registry:Software\Microsoft\.NETFramework,v4.0,AssemblyFoldersEx}".
          For SearchPath "{TargetFrameworkDirectory}".
          Considered "C:\Program Files (x86)\Reference Assemblies\Microsoft\Framework\.NETFramework\v4.0\Syncfusion.Shared.Base.dll", but it didn't exist.
          Considered "C:\Program Files (x86)\Reference Assemblies\Microsoft\Framework\.NETFramework\v4.0\Syncfusion.Shared.Base.exe", but it didn't exist.
          For SearchPath "{Registry:Software\Microsoft\.NETFramework,v4.0,AssemblyFoldersEx}".
          Considered "c:\Program Files (x86)\Microsoft Visual Studio 10.0\Common7\IDE\ReferenceAssemblies\v4.0\Syncfusion.Shared.Base.dll", but it didn't exist.
          Considered "c:\Program Files (x86)\Microsoft Visual Studio 10.0\Common7\IDE\ReferenceAssemblies\v4.0\Syncfusion.Shared.Base.exe", but it didn't exist.
          Considered "C:\Program Files\Reference Assemblies\Microsoft\VSTO40\v4.0.Framework\Syncfusion.Shared.Base.dll", but it didn't exist.
          Considered "C:\Program Files\Reference Assemblies\Microsoft\VSTO40\v4.0.Framework\Syncfusion.Shared.Base.exe", but it didn't exist.
          Considered "C:\Program Files\Reference Assemblies\Microsoft\VSTA30\v9.0\Syncfusion.Shared.Base.dll", but it didn't exist.
          Considered "C:\Program Files\Reference Assemblies\Microsoft\VSTA30\v9.0\Syncfusion.Shared.Base.exe", but it didn't exist.
          Considered "C:\Program Files\Reference Assemblies\Microsoft\VSTA30\v8.0\Syncfusion.Shared.Base.dll", but it didn't exist.
          Considered "C:\Program Files\Reference Assemblies\Microsoft\VSTA30\v8.0\Syncfusion.Shared.Base.exe", but it didn't exist.
          Considered "C:\Program Files\Reference Assemblies\Microsoft\VSTA30\v10.0\Syncfusion.Shared.Base.dll", but it didn't exist.
          Considered "C:\Program Files\Reference Assemblies\Microsoft\VSTA30\v10.0\Syncfusion.Shared.Base.exe", but it didn't exist.
          Considered "C:\Program Files (x86)\Microsoft Visual Studio 10.0\Visual Studio Tools for Office\PIA\Office14\Syncfusion.Shared.Base.dll", but it didn't exist.
          Considered "C:\Program Files (x86)\Microsoft Visual Studio 10.0\Visual Studio Tools for Office\PIA\Office14\Syncfusion.Shared.Base.exe", but it didn't exist.
          Considered "C:\Program Files (x86)\Microsoft Visual Studio 10.0\Visual Studio Tools for Office\PIA\Office12\Syncfusion.Shared.Base.dll", but it didn't exist.
          Considered "C:\Program Files (x86)\Microsoft Visual Studio 10.0\Visual Studio Tools for Office\PIA\Office12\Syncfusion.Shared.Base.exe", but it didn't exist.
          Considered "C:\Program Files (x86)\Microsoft Visual Studio 10.0\Visual Studio Tools for Office\PIA\Common\Syncfusion.Shared.Base.dll", but it didn't exist.
          Considered "C:\Program Files (x86)\Microsoft Visual Studio 10.0\Visual Studio Tools for Office\PIA\Common\Syncfusion.Shared.Base.exe", but it didn't exist.
          Considered "C:\Program Files (x86)\Microsoft Visual Studio 10.0\Common7\IDE\Extensions\Microsoft\SharePoint\PublicAssemblies\Syncfusion.Shared.Base.dll", but it didn't exist.
          Considered "C:\Program Files (x86)\Microsoft Visual Studio 10.0\Common7\IDE\Extensions\Microsoft\SharePoint\PublicAssemblies\Syncfusion.Shared.Base.exe", but it didn't exist.
          Considered "C:\Program Files (x86)\MSBuild\Microsoft.Cpp\v4.0\Platforms\x64\Syncfusion.Shared.Base.dll", but it didn't exist.
          Considered "C:\Program Files (x86)\MSBuild\Microsoft.Cpp\v4.0\Platforms\x64\Syncfusion.Shared.Base.exe", but it didn't exist.
          Considered "c:\Program Files (x86)\MSBuild\Microsoft.Cpp\v4.0\Platforms\Win32\Syncfusion.Shared.Base.dll", but it didn't exist.
          Considered "c:\Program Files (x86)\MSBuild\Microsoft.Cpp\v4.0\Platforms\Win32\Syncfusion.Shared.Base.exe", but it didn't exist.
          Considered "c:\Program Files (x86)\MSBuild\Microsoft.Cpp\v4.0\Syncfusion.Shared.Base.dll", but it didn't exist.
          Considered "c:\Program Files (x86)\MSBuild\Microsoft.Cpp\v4.0\Syncfusion.Shared.Base.exe", but it didn't exist.
          Considered "C:\Program Files (x86)\Reference Assemblies\Microsoft\VBPowerPacks\v10.0\Syncfusion.Shared.Base.dll", but it didn't exist.
          Considered "C:\Program Files (x86)\Reference Assemblies\Microsoft\VBPowerPacks\v10.0\Syncfusion.Shared.Base.exe", but it didn't exist.
          Considered "c:\Program Files (x86)\Microsoft Synchronization Services\ADO.NET\v1.0\Syncfusion.Shared.Base.dll", but it didn't exist.
          Considered "c:\Program Files (x86)\Microsoft Synchronization Services\ADO.NET\v1.0\Syncfusion.Shared.Base.exe", but it didn't exist.
          Considered "C:\Program Files (x86)\Syncfusion\Essential Studio\10.2.0.56\assemblies\4.0\Syncfusion.Shared.Base.exe", but it didn't exist.
      Found related file "C:\Program Files (x86)\Syncfusion\Essential Studio\10.2.0.56\assemblies\4.0\Syncfusion.Shared.Base.xml".
      This reference is not "CopyLocal" because it's registered in the GAC.
  Primary reference "Syncfusion.Shared.Windows, Version=10.204.0.56, Culture=neutral, PublicKeyToken=3d67ed1f87d44c89".
      Resolved file path is "C:\Program Files (x86)\Syncfusion\Essential Studio\10.2.0.56\assemblies\4.0\Syncfusion.Shared.Windows.dll".
      Reference found at search path location "{Registry:Software\Microsoft\.NETFramework,v4.0,AssemblyFoldersEx}".
          For SearchPath "{TargetFrameworkDirectory}".
          Considered "C:\Program Files (x86)\Reference Assemblies\Microsoft\Framework\.NETFramework\v4.0\Syncfusion.Shared.Windows.dll", but it didn't exist.
          Considered "C:\Program Files (x86)\Reference Assemblies\Microsoft\Framework\.NETFramework\v4.0\Syncfusion.Shared.Windows.exe", but it didn't exist.
          For SearchPath "{Registry:Software\Microsoft\.NETFramework,v4.0,AssemblyFoldersEx}".
          Considered "c:\Program Files (x86)\Microsoft Visual Studio 10.0\Common7\IDE\ReferenceAssemblies\v4.0\Syncfusion.Shared.Windows.dll", but it didn't exist.
          Considered "c:\Program Files (x86)\Microsoft Visual Studio 10.0\Common7\IDE\ReferenceAssemblies\v4.0\Syncfusion.Shared.Windows.exe", but it didn't exist.
          Considered "C:\Program Files\Reference Assemblies\Microsoft\VSTO40\v4.0.Framework\Syncfusion.Shared.Windows.dll", but it didn't exist.
          Considered "C:\Program Files\Reference Assemblies\Microsoft\VSTO40\v4.0.Framework\Syncfusion.Shared.Windows.exe", but it didn't exist.
          Considered "C:\Program Files\Reference Assemblies\Microsoft\VSTA30\v9.0\Syncfusion.Shared.Windows.dll", but it didn't exist.
          Considered "C:\Program Files\Reference Assemblies\Microsoft\VSTA30\v9.0\Syncfusion.Shared.Windows.exe", but it didn't exist.
          Considered "C:\Program Files\Reference Assemblies\Microsoft\VSTA30\v8.0\Syncfusion.Shared.Windows.dll", but it didn't exist.
          Considered "C:\Program Files\Reference Assemblies\Microsoft\VSTA30\v8.0\Syncfusion.Shared.Windows.exe", but it didn't exist.
          Considered "C:\Program Files\Reference Assemblies\Microsoft\VSTA30\v10.0\Syncfusion.Shared.Windows.dll", but it didn't exist.
          Considered "C:\Program Files\Reference Assemblies\Microsoft\VSTA30\v10.0\Syncfusion.Shared.Windows.exe", but it didn't exist.
          Considered "C:\Program Files (x86)\Microsoft Visual Studio 10.0\Visual Studio Tools for Office\PIA\Office14\Syncfusion.Shared.Windows.dll", but it didn't exist.
          Considered "C:\Program Files (x86)\Microsoft Visual Studio 10.0\Visual Studio Tools for Office\PIA\Office14\Syncfusion.Shared.Windows.exe", but it didn't exist.
          Considered "C:\Program Files (x86)\Microsoft Visual Studio 10.0\Visual Studio Tools for Office\PIA\Office12\Syncfusion.Shared.Windows.dll", but it didn't exist.
          Considered "C:\Program Files (x86)\Microsoft Visual Studio 10.0\Visual Studio Tools for Office\PIA\Office12\Syncfusion.Shared.Windows.exe", but it didn't exist.
          Considered "C:\Program Files (x86)\Microsoft Visual Studio 10.0\Visual Studio Tools for Office\PIA\Common\Syncfusion.Shared.Windows.dll", but it didn't exist.
          Considered "C:\Program Files (x86)\Microsoft Visual Studio 10.0\Visual Studio Tools for Office\PIA\Common\Syncfusion.Shared.Windows.exe", but it didn't exist.
          Considered "C:\Program Files (x86)\Microsoft Visual Studio 10.0\Common7\IDE\Extensions\Microsoft\SharePoint\PublicAssemblies\Syncfusion.Shared.Windows.dll", but it didn't exist.
          Considered "C:\Program Files (x86)\Microsoft Visual Studio 10.0\Common7\IDE\Extensions\Microsoft\SharePoint\PublicAssemblies\Syncfusion.Shared.Windows.exe", but it didn't exist.
          Considered "C:\Program Files (x86)\MSBuild\Microsoft.Cpp\v4.0\Platforms\x64\Syncfusion.Shared.Windows.dll", but it didn't exist.
          Considered "C:\Program Files (x86)\MSBuild\Microsoft.Cpp\v4.0\Platforms\x64\Syncfusion.Shared.Windows.exe", but it didn't exist.
          Considered "c:\Program Files (x86)\MSBuild\Microsoft.Cpp\v4.0\Platforms\Win32\Syncfusion.Shared.Windows.dll", but it didn't exist.
          Considered "c:\Program Files (x86)\MSBuild\Microsoft.Cpp\v4.0\Platforms\Win32\Syncfusion.Shared.Windows.exe", but it didn't exist.
          Considered "c:\Program Files (x86)\MSBuild\Microsoft.Cpp\v4.0\Syncfusion.Shared.Windows.dll", but it didn't exist.
          Considered "c:\Program Files (x86)\MSBuild\Microsoft.Cpp\v4.0\Syncfusion.Shared.Windows.exe", but it didn't exist.
          Considered "C:\Program Files (x86)\Reference Assemblies\Microsoft\VBPowerPacks\v10.0\Syncfusion.Shared.Windows.dll", but it didn't exist.
          Considered "C:\Program Files (x86)\Reference Assemblies\Microsoft\VBPowerPacks\v10.0\Syncfusion.Shared.Windows.exe", but it didn't exist.
          Considered "c:\Program Files (x86)\Microsoft Synchronization Services\ADO.NET\v1.0\Syncfusion.Shared.Windows.dll", but it didn't exist.
          Considered "c:\Program Files (x86)\Microsoft Synchronization Services\ADO.NET\v1.0\Syncfusion.Shared.Windows.exe", but it didn't exist.
          Considered "C:\Program Files (x86)\Syncfusion\Essential Studio\10.2.0.56\assemblies\4.0\Syncfusion.Shared.Windows.exe", but it didn't exist.
      Found related file "C:\Program Files (x86)\Syncfusion\Essential Studio\10.2.0.56\assemblies\4.0\Syncfusion.Shared.Windows.xml".
      This reference is not "CopyLocal" because it's registered in the GAC.
  Primary reference "System, Version=4.0.0.0, Culture=neutral, PublicKeyToken=b77a5c561934e089".
      Resolved file path is "C:\Program Files (x86)\Reference Assemblies\Microsoft\Framework\.NETFramework\v4.0\System.dll".
      Reference found at search path location "{TargetFrameworkDirectory}".
          For SearchPath "{TargetFrameworkDirectory}".
          Considered "C:\Program Files (x86)\Reference Assemblies\Microsoft\Framework\.NETFramework\v4.0\System.exe", but it didn't exist.
      This reference is not "CopyLocal" because it's a prerequisite file.
  Primary reference "System.Xml.Linq, Version=4.0.0.0, Culture=neutral, PublicKeyToken=b77a5c561934e089".
      Resolved file path is "C:\Program Files (x86)\Reference Assemblies\Microsoft\Framework\.NETFramework\v4.0\System.Xml.Linq.dll".
      Reference found at search path location "{TargetFrameworkDirectory}".
          For SearchPath "{TargetFrameworkDirectory}".
          Considered "C:\Program Files (x86)\Reference Assemblies\Microsoft\Framework\.NETFramework\v4.0\System.Xml.Linq.exe", but it didn't exist.
      This reference is not "CopyLocal" because it's a prerequisite file.
  Primary reference "System.Data.DataSetExtensions, Version=4.0.0.0, Culture=neutral, PublicKeyToken=b77a5c561934e089".
      Resolved file path is "C:\Program Files (x86)\Reference Assemblies\Microsoft\Framework\.NETFramework\v4.0\System.Data.DataSetExtensions.dll".
      Reference found at search path location "{TargetFrameworkDirectory}".
          For SearchPath "{TargetFrameworkDirectory}".
          Considered "C:\Program Files (x86)\Reference Assemblies\Microsoft\Framework\.NETFramework\v4.0\System.Data.DataSetExtensions.exe", but it didn't exist.
      This reference is not "CopyLocal" because it's a prerequisite file.
  Primary reference "Microsoft.CSharp, Version=4.0.0.0, Culture=neutral, PublicKeyToken=b03f5f7f11d50a3a".
      Resolved file path is "C:\Program Files (x86)\Reference Assemblies\Microsoft\Framework\.NETFramework\v4.0\Microsoft.CSharp.dll".
      Reference found at search path location "{TargetFrameworkDirectory}".
          For SearchPath "{TargetFrameworkDirectory}".
          Considered "C:\Program Files (x86)\Reference Assemblies\Microsoft\Framework\.NETFramework\v4.0\Microsoft.CSharp.exe", but it didn't exist.
      This reference is not "CopyLocal" because it's a prerequisite file.
  Primary reference "System.Data, Version=4.0.0.0, Culture=neutral, PublicKeyToken=b77a5c561934e089".
      Resolved file path is "C:\Program Files (x86)\Reference Assemblies\Microsoft\Framework\.NETFramework\v4.0\System.Data.dll".
      Reference found at search path location "{TargetFrameworkDirectory}".
          For SearchPath "{TargetFrameworkDirectory}".
          Considered "C:\Program Files (x86)\Reference Assemblies\Microsoft\Framework\.NETFramework\v4.0\System.Data.exe", but it didn't exist.
      This reference is not "CopyLocal" because it's a prerequisite file.
  Primary reference "System.Deployment, Version=4.0.0.0, Culture=neutral, PublicKeyToken=b03f5f7f11d50a3a".
      Resolved file path is "C:\Program Files (x86)\Reference Assemblies\Microsoft\Framework\.NETFramework\v4.0\System.Deployment.dll".
      Reference found at search path location "{TargetFrameworkDirectory}".
          For SearchPath "{TargetFrameworkDirectory}".
          Considered "C:\Program Files (x86)\Reference Assemblies\Microsoft\Framework\.NETFramework\v4.0\System.Deployment.exe", but it didn't exist.
      This reference is not "CopyLocal" because it's a prerequisite file.
  Primary reference "System.Drawing, Version=4.0.0.0, Culture=neutral, PublicKeyToken=b03f5f7f11d50a3a".
      Resolved file path is "C:\Program Files (x86)\Reference Assemblies\Microsoft\Framework\.NETFramework\v4.0\System.Drawing.dll".
      Reference found at search path location "{TargetFrameworkDirectory}".
          For SearchPath "{TargetFrameworkDirectory}".
          Considered "C:\Program Files (x86)\Reference Assemblies\Microsoft\Framework\.NETFramework\v4.0\System.Drawing.exe", but it didn't exist.
      This reference is not "CopyLocal" because it's a prerequisite file.
  Primary reference "System.Windows.Forms, Version=4.0.0.0, Culture=neutral, PublicKeyToken=b77a5c561934e089".
      Resolved file path is "C:\Program Files (x86)\Reference Assemblies\Microsoft\Framework\.NETFramework\v4.0\System.Windows.Forms.dll".
      Reference found at search path location "{TargetFrameworkDirectory}".
          For SearchPath "{TargetFrameworkDirectory}".
          Considered "C:\Program Files (x86)\Reference Assemblies\Microsoft\Framework\.NETFramework\v4.0\System.Windows.Forms.exe", but it didn't exist.
      This reference is not "CopyLocal" because it's a prerequisite file.
  Primary reference "System.Xml, Version=4.0.0.0, Culture=neutral, PublicKeyToken=b77a5c561934e089".
      Resolved file path is "C:\Program Files (x86)\Reference Assemblies\Microsoft\Framework\.NETFramework\v4.0\System.Xml.dll".
      Reference found at search path location "{TargetFrameworkDirectory}".
          For SearchPath "{TargetFrameworkDirectory}".
          Considered "C:\Program Files (x86)\Reference Assemblies\Microsoft\Framework\.NETFramework\v4.0\System.Xml.exe", but it didn't exist.
      This reference is not "CopyLocal" because it's a prerequisite file.
  Primary reference "System.Core, Version=4.0.0.0, Culture=neutral, PublicKeyToken=b77a5c561934e089".
      Resolved file path is "C:\Program Files (x86)\Reference Assemblies\Microsoft\Framework\.NETFramework\v4.0\System.Core.dll".
      Reference found at search path location "{TargetFrameworkDirectory}".
          For SearchPath "{TargetFrameworkDirectory}".
          Considered "C:\Program Files (x86)\Reference Assemblies\Microsoft\Framework\.NETFramework\v4.0\System.Core.exe", but it didn't exist.
      This reference is not "CopyLocal" because it's a prerequisite file.
  Dependency "System.Runtime.Serialization.Formatters.Soap, Version=4.0.0.0, Culture=neutral, PublicKeyToken=b03f5f7f11d50a3a".
      Resolved file path is "C:\Program Files (x86)\Reference Assemblies\Microsoft\Framework\.NETFramework\v4.0\System.Runtime.Serialization.Formatters.Soap.dll".
      Reference found at search path location "{TargetFrameworkDirectory}".
          For SearchPath "C:\Program Files (x86)\Syncfusion\Essential Studio\10.2.0.56\assemblies\4.0".
          Considered "C:\Program Files (x86)\Syncfusion\Essential Studio\10.2.0.56\assemblies\4.0\System.Runtime.Serialization.Formatters.Soap.dll", but it didn't exist.
          Considered "C:\Program Files (x86)\Syncfusion\Essential Studio\10.2.0.56\assemblies\4.0\System.Runtime.Serialization.Formatters.Soap.exe", but it didn't exist.
          For SearchPath "{TargetFrameworkDirectory}".
          Considered "C:\Program Files (x86)\Reference Assemblies\Microsoft\Framework\.NETFramework\v4.0\System.Runtime.Serialization.Formatters.Soap.exe", but it didn't exist.
      Required by "Syncfusion.Diagram.Base, Version=10.204.0.56, Culture=neutral, PublicKeyToken=3d67ed1f87d44c89, processorArchitecture=MSIL".
      Required by "Syncfusion.Shared.Base, Version=10.204.0.56, Culture=neutral, PublicKeyToken=3d67ed1f87d44c89, processorArchitecture=MSIL".
      Required by "Syncfusion.Diagram.Windows, Version=10.204.0.56, Culture=neutral, PublicKeyToken=3d67ed1f87d44c89, processorArchitecture=MSIL".
      Required by "Syncfusion.Shared.Windows, Version=10.204.0.56, Culture=neutral, PublicKeyToken=3d67ed1f87d44c89, processorArchitecture=MSIL".
      This reference is not "CopyLocal" because it's a prerequisite file.
  Dependency "System.Design, Version=4.0.0.0, Culture=neutral, PublicKeyToken=b03f5f7f11d50a3a".
      Resolved file path is "C:\Program Files (x86)\Reference Assemblies\Microsoft\Framework\.NETFramework\v4.0\System.Design.dll".
      Reference found at search path location "{TargetFrameworkDirectory}".
          For SearchPath "C:\Program Files (x86)\Syncfusion\Essential Studio\10.2.0.56\assemblies\4.0".
          Considered "C:\Program Files (x86)\Syncfusion\Essential Studio\10.2.0.56\assemblies\4.0\System.Design.dll", but it didn't exist.
          Considered "C:\Program Files (x86)\Syncfusion\Essential Studio\10.2.0.56\assemblies\4.0\System.Design.exe", but it didn't exist.
          For SearchPath "{TargetFrameworkDirectory}".
          Considered "C:\Program Files (x86)\Reference Assemblies\Microsoft\Framework\.NETFramework\v4.0\System.Design.exe", but it didn't exist.
      Required by "Syncfusion.Diagram.Base, Version=10.204.0.56, Culture=neutral, PublicKeyToken=3d67ed1f87d44c89, processorArchitecture=MSIL".
      Required by "Syncfusion.Shared.Base, Version=10.204.0.56, Culture=neutral, PublicKeyToken=3d67ed1f87d44c89, processorArchitecture=MSIL".
      Required by "Syncfusion.Diagram.Windows, Version=10.204.0.56, Culture=neutral, PublicKeyToken=3d67ed1f87d44c89, processorArchitecture=MSIL".
      Required by "Syncfusion.Shared.Windows, Version=10.204.0.56, Culture=neutral, PublicKeyToken=3d67ed1f87d44c89, processorArchitecture=MSIL".
      This reference is not "CopyLocal" because it's a prerequisite file.
  Dependency "System.Drawing.Design, Version=4.0.0.0, Culture=neutral, PublicKeyToken=b03f5f7f11d50a3a".
      Resolved file path is "C:\Program Files (x86)\Reference Assemblies\Microsoft\Framework\.NETFramework\v4.0\System.Drawing.Design.dll".
      Reference found at search path location "{TargetFrameworkDirectory}".
          For SearchPath "C:\Program Files (x86)\Syncfusion\Essential Studio\10.2.0.56\assemblies\4.0".
          Considered "C:\Program Files (x86)\Syncfusion\Essential Studio\10.2.0.56\assemblies\4.0\System.Drawing.Design.dll", but it didn't exist.
          Considered "C:\Program Files (x86)\Syncfusion\Essential Studio\10.2.0.56\assemblies\4.0\System.Drawing.Design.exe", but it didn't exist.
          For SearchPath "{TargetFrameworkDirectory}".
          Considered "C:\Program Files (x86)\Reference Assemblies\Microsoft\Framework\.NETFramework\v4.0\System.Drawing.Design.exe", but it didn't exist.
      Required by "Syncfusion.Diagram.Base, Version=10.204.0.56, Culture=neutral, PublicKeyToken=3d67ed1f87d44c89, processorArchitecture=MSIL".
      Required by "Syncfusion.Shared.Base, Version=10.204.0.56, Culture=neutral, PublicKeyToken=3d67ed1f87d44c89, processorArchitecture=MSIL".
      Required by "Syncfusion.Diagram.Windows, Version=10.204.0.56, Culture=neutral, PublicKeyToken=3d67ed1f87d44c89, processorArchitecture=MSIL".
      Required by "Syncfusion.Shared.Windows, Version=10.204.0.56, Culture=neutral, PublicKeyToken=3d67ed1f87d44c89, processorArchitecture=MSIL".
      This reference is not "CopyLocal" because it's a prerequisite file.
Done executing task "ResolveAssemblyReference".
Done building target "ResolveAssemblyReferences" in project "FlowDiagram_2010.csproj".
Target "ResolveComReferences" skipped, due to false condition; ('@(COMReference)'!='' or '@(COMFileReference)'!='') was evaluated as (''!='' or ''!='').
Target "AfterResolveReferences" in file "c:\Windows\Microsoft.NET\Framework\v4.0.30319\Microsoft.Common.targets" from project "C:\Users\amsathm\AppData\Local\Syncfusion\EssentialStudio\10.2.0.56\Windows\Diagram.Windows\Samples\2.0\Use Case Diagrams\Flow Diagram\cs\FlowDiagram_2010.csproj" (target "ResolveReferences" depends on it):
Done building target "AfterResolveReferences" in project "FlowDiagram_2010.csproj".
Target "ResolveTestReferences" skipped, due to false condition; ('@(Shadow)'!='') was evaluated as (''!='').
Target "ResolveReferences" in file "c:\Windows\Microsoft.NET\Framework\v4.0.30319\Microsoft.Common.targets" from project "C:\Users\amsathm\AppData\Local\Syncfusion\EssentialStudio\10.2.0.56\Windows\Diagram.Windows\Samples\2.0\Use Case Diagrams\Flow Diagram\cs\FlowDiagram_2010.csproj" (target "CoreBuild" depends on it):
Done building target "ResolveReferences" in project "FlowDiagram_2010.csproj".
Target "XamlMarkupCompilePass1" skipped, due to false condition; ('@(XamlPage)' != '' or '@(XamlAppDef)' != '') was evaluated as ('' != '' or '' != '').
Target "XamlMarkupCompileReadGeneratedFileList" skipped, due to false condition; ('@(XamlPage)' != '' or '@(XamlAppDef)' != '') was evaluated as ('' != '' or '' != '').
Target "XamlMarkupCompileAddFilesGenerated" skipped, due to false condition; ('@(XamlPage)' != '' or '@(XamlAppDef)' != '') was evaluated as ('' != '' or '' != '').
Target "XamlMarkupCompilePass2" skipped, due to false condition; ('$(XamlRequiresCompilationPass2)' == 'true' ) was evaluated as ('false' == 'true' ).
Target "MarkupCompilePass1" skipped, due to false condition; ('@(Page)' != '' or '@(ApplicationDefinition)' != '' ) was evaluated as ('' != '' or '' != '' ).
Target "AfterMarkupCompilePass1" in file "c:\Windows\Microsoft.NET\Framework\v4.0.30319\Microsoft.WinFX.targets" from project "C:\Users\amsathm\AppData\Local\Syncfusion\EssentialStudio\10.2.0.56\Windows\Diagram.Windows\Samples\2.0\Use Case Diagrams\Flow Diagram\cs\FlowDiagram_2010.csproj" (target "PrepareResources" depends on it):
Done building target "AfterMarkupCompilePass1" in project "FlowDiagram_2010.csproj".
Target "MarkupCompilePass2ForMainAssembly" skipped, due to false condition; ('$(_RequireMCPass2ForMainAssembly)' == 'true' ) was evaluated as ('false' == 'true' ).
Target "FileClassification" in file "c:\Windows\Microsoft.NET\Framework\v4.0.30319\Microsoft.WinFX.targets" from project "C:\Users\amsathm\AppData\Local\Syncfusion\EssentialStudio\10.2.0.56\Windows\Diagram.Windows\Samples\2.0\Use Case Diagrams\Flow Diagram\cs\FlowDiagram_2010.csproj" (target "PrepareResources" depends on it):
Task "FileClassifier" skipped, due to false condition; ('@(GeneratedBaml)' != '' or '@(Resource)' != '' or '@(Font)' != '') was evaluated as ('' != '' or '' != '' or '' != '').
Task "Message" skipped, due to false condition; ('$(MSBuildTargetsVerbose)'=='true') was evaluated as (''=='true').
Task "Message" skipped, due to false condition; ('$(MSBuildTargetsVerbose)'=='true') was evaluated as (''=='true').
Done building target "FileClassification" in project "FlowDiagram_2010.csproj".
Target "MainResourcesGeneration" skipped, due to false condition; ('@(MainEmbeddedFiles)' != '') was evaluated as ('' != '').
Target "AssignWinFXEmbeddedResource" skipped, due to false condition; ('@(WinFXEmbeddedResource)' != '') was evaluated as ('' != '').
Target "AssignTargetPaths" in file "c:\Windows\Microsoft.NET\Framework\v4.0.30319\Microsoft.Common.targets" from project "C:\Users\amsathm\AppData\Local\Syncfusion\EssentialStudio\10.2.0.56\Windows\Diagram.Windows\Samples\2.0\Use Case Diagrams\Flow Diagram\cs\FlowDiagram_2010.csproj" (target "PrepareResourceNames" depends on it):
Using "AssignTargetPath" task from assembly "Microsoft.Build.Tasks.v4.0, Version=4.0.0.0, Culture=neutral, PublicKeyToken=b03f5f7f11d50a3a".
Task "AssignTargetPath"
Done executing task "AssignTargetPath".
Task "AssignTargetPath"
Done executing task "AssignTargetPath".
Task "AssignTargetPath"
Done executing task "AssignTargetPath".
Task "AssignTargetPath"
Done executing task "AssignTargetPath".
Task "AssignTargetPath" skipped, due to false condition; ('@(_DeploymentBaseManifestWithTargetPath)'=='' and '%(None.Extension)'=='.manifest') was evaluated as (''=='' and '.config'=='.manifest').
Task "AssignTargetPath" skipped, due to false condition; ('@(_DeploymentBaseManifestWithTargetPath)'=='' and '%(None.Extension)'=='.manifest') was evaluated as (''=='' and '.edd'=='.manifest').
Task "AssignTargetPath" skipped, due to false condition; ('@(_DeploymentBaseManifestWithTargetPath)'=='' and '%(None.Extension)'=='.manifest') was evaluated as (''=='' and '.edp'=='.manifest').
Task "AssignTargetPath" skipped, due to false condition; ('@(_DeploymentBaseManifestWithTargetPath)'=='' and '%(None.Extension)'=='.manifest') was evaluated as (''=='' and '.settings'=='.manifest').
Task "AssignTargetPath" skipped, due to false condition; ('@(_DeploymentBaseManifestWithTargetPath)'=='' and '%(None.Extension)'=='.manifest') was evaluated as (''=='' and '.PNG'=='.manifest').
Done building target "AssignTargetPaths" in project "FlowDiagram_2010.csproj".
Target "AssignTargetPaths" skipped. Previously built successfully.
Target "SplitResourcesByCulture" in file "c:\Windows\Microsoft.NET\Framework\v4.0.30319\Microsoft.Common.targets" from project "C:\Users\amsathm\AppData\Local\Syncfusion\EssentialStudio\10.2.0.56\Windows\Diagram.Windows\Samples\2.0\Use Case Diagrams\Flow Diagram\cs\FlowDiagram_2010.csproj" (target "PrepareResourceNames" depends on it):
Task "Warning" skipped, due to false condition; ('@(ResxWithNoCulture)'!='') was evaluated as (''!='').
Task "Warning" skipped, due to false condition; ('@(ResxWithCulture)'!='') was evaluated as (''!='').
Task "Warning" skipped, due to false condition; ('@(NonResxWithCulture)'!='') was evaluated as (''!='').
Task "Warning" skipped, due to false condition; ('@(NonResxWithNoCulture)'!='') was evaluated as (''!='').
Using "AssignCulture" task from assembly "Microsoft.Build.Tasks.v4.0, Version=4.0.0.0, Culture=neutral, PublicKeyToken=b03f5f7f11d50a3a".
Task "AssignCulture"
  Culture of "" was assigned to file "MainForm.resx".
  Culture of "" was assigned to file "Properties\Resources.resx".
Done executing task "AssignCulture".
Done building target "SplitResourcesByCulture" in project "FlowDiagram_2010.csproj".
Target "CreateManifestResourceNames" in file "c:\Windows\Microsoft.NET\Framework\v4.0.30319\Microsoft.CSharp.targets" from project "C:\Users\amsathm\AppData\Local\Syncfusion\EssentialStudio\10.2.0.56\Windows\Diagram.Windows\Samples\2.0\Use Case Diagrams\Flow Diagram\cs\FlowDiagram_2010.csproj" (target "PrepareResourceNames" depends on it):
Using "CreateCSharpManifestResourceName" task from assembly "Microsoft.Build.Tasks.v4.0, Version=4.0.0.0, Culture=neutral, PublicKeyToken=b03f5f7f11d50a3a".
Task "CreateCSharpManifestResourceName"
  Root namespace is 'FlowDiagram_2010'.
  Resource file 'MainForm.resx' depends on 'MainForm.cs'.
  Resource file 'MainForm.resx' gets manifest resource name 'FlowDiagram_2005.MainForm'.
  Resource file 'Properties\Resources.resx' doesn't depend on any other file.
  Resource file 'Properties\Resources.resx' gets manifest resource name 'FlowDiagram_2010.Properties.Resources'.
Done executing task "CreateCSharpManifestResourceName".
Task "CreateCSharpManifestResourceName" skipped, due to false condition; ('%(EmbeddedResource.ManifestResourceName)' == '' and '%(EmbeddedResource.WithCulture)' == 'true' and '%(EmbeddedResource.Type)' == 'Non-Resx') was evaluated as ('' == '' and 'false' == 'true' and 'Resx' == 'Non-Resx').
Done building target "CreateManifestResourceNames" in project "FlowDiagram_2010.csproj".
Target "CreateCustomManifestResourceNames" in file "c:\Windows\Microsoft.NET\Framework\v4.0.30319\Microsoft.Common.targets" from project "C:\Users\amsathm\AppData\Local\Syncfusion\EssentialStudio\10.2.0.56\Windows\Diagram.Windows\Samples\2.0\Use Case Diagrams\Flow Diagram\cs\FlowDiagram_2010.csproj" (target "PrepareResourceNames" depends on it):
Done building target "CreateCustomManifestResourceNames" in project "FlowDiagram_2010.csproj".
Target "PrepareResourceNames" in file "c:\Windows\Microsoft.NET\Framework\v4.0.30319\Microsoft.Common.targets" from project "C:\Users\amsathm\AppData\Local\Syncfusion\EssentialStudio\10.2.0.56\Windows\Diagram.Windows\Samples\2.0\Use Case Diagrams\Flow Diagram\cs\FlowDiagram_2010.csproj" (target "PrepareResources" depends on it):
Done building target "PrepareResourceNames" in project "FlowDiagram_2010.csproj".
Target "ResolveAssemblyReferences" skipped. Previously built successfully.
Target "SplitResourcesByCulture" skipped. Previously built successfully.
Target "BeforeResGen" in file "c:\Windows\Microsoft.NET\Framework\v4.0.30319\Microsoft.Common.targets" from project "C:\Users\amsathm\AppData\Local\Syncfusion\EssentialStudio\10.2.0.56\Windows\Diagram.Windows\Samples\2.0\Use Case Diagrams\Flow Diagram\cs\FlowDiagram_2010.csproj" (target "ResGen" depends on it):
Done building target "BeforeResGen" in project "FlowDiagram_2010.csproj".
Target "CoreResGen" in file "c:\Windows\Microsoft.NET\Framework\v4.0.30319\Microsoft.Common.targets" from project "C:\Users\amsathm\AppData\Local\Syncfusion\EssentialStudio\10.2.0.56\Windows\Diagram.Windows\Samples\2.0\Use Case Diagrams\Flow Diagram\cs\FlowDiagram_2010.csproj" (target "ResGen" depends on it):
Using "GenerateResource" task from assembly "Microsoft.Build.Tasks.v4.0, Version=4.0.0.0, Culture=neutral, PublicKeyToken=b03f5f7f11d50a3a".
Task "GenerateResource"
  Read Tracking Logs:
  	obj\x86\Release\GenerateResource.read.1.tlog
  Outputs for C:\USERS\AMSATHM\APPDATA\LOCAL\SYNCFUSION\ESSENTIALSTUDIO\10.2.0.56\WINDOWS\DIAGRAM.WINDOWS\SAMPLES\2.0\USE CASE DIAGRAMS\FLOW DIAGRAM\CS\MAINFORM.RESX|C:\USERS\AMSATHM\APPDATA\LOCAL\SYNCFUSION\ESSENTIALSTUDIO\10.2.0.56\WINDOWS\DIAGRAM.WINDOWS\SAMPLES\2.0\USE CASE DIAGRAMS\FLOW DIAGRAM\CS\PROPERTIES\RESOURCES.RESX:
  	C:\USERS\AMSATHM\APPDATA\LOCAL\SYNCFUSION\ESSENTIALSTUDIO\10.2.0.56\WINDOWS\DIAGRAM.WINDOWS\SAMPLES\2.0\USE CASE DIAGRAMS\FLOW DIAGRAM\CS\OBJ\X86\RELEASE\FLOWDIAGRAM_2005.MAINFORM.RESOURCES
  	C:\USERS\AMSATHM\APPDATA\LOCAL\SYNCFUSION\ESSENTIALSTUDIO\10.2.0.56\WINDOWS\DIAGRAM.WINDOWS\SAMPLES\2.0\USE CASE DIAGRAMS\FLOW DIAGRAM\CS\OBJ\X86\RELEASE\FLOWDIAGRAM_2010.PROPERTIES.RESOURCES.RESOURCES
  C:\Users\amsathm\AppData\Local\Syncfusion\EssentialStudio\10.2.0.56\Windows\Diagram.Windows\Samples\2.0\Use Case Diagrams\Flow Diagram\cs\MainForm.resx was modified at 7/8/2012 4:44:52 PM.
  MainForm.resx will be compiled.
  C:\Users\amsathm\AppData\Local\Syncfusion\EssentialStudio\10.2.0.56\Windows\Diagram.Windows\Samples\2.0\Use Case Diagrams\Flow Diagram\cs\Properties\Resources.resx was modified at 7/8/2012 4:43:54 PM.
  Properties\Resources.resx will be compiled.
  Write Tracking Logs:
  	obj\x86\Release\GenerateResource.write.1.tlog
  "c:\Program Files (x86)\Microsoft SDKs\Windows\v7.0A\bin\NETFX 4.0 Tools\resgen.exe" /useSourcePath /r:"C:\Program Files (x86)\Reference Assemblies\Microsoft\Framework\.NETFramework\v4.0\Microsoft.CSharp.dll" /r:"C:\Program Files (x86)\Reference Assemblies\Microsoft\Framework\.NETFramework\v4.0\mscorlib.dll" /r:"C:\Program Files (x86)\Syncfusion\Essential Studio\10.2.0.56\assemblies\4.0\Syncfusion.Core.dll" /r:"C:\Program Files (x86)\Syncfusion\Essential Studio\10.2.0.56\assemblies\4.0\Syncfusion.Diagram.Base.dll" /r:"C:\Program Files (x86)\Syncfusion\Essential Studio\10.2.0.56\assemblies\4.0\Syncfusion.Diagram.Windows.dll" /r:"C:\Program Files (x86)\Syncfusion\Essential Studio\10.2.0.56\assemblies\4.0\Syncfusion.Shared.Base.dll" /r:"C:\Program Files (x86)\Syncfusion\Essential Studio\10.2.0.56\assemblies\4.0\Syncfusion.Shared.Windows.dll" /r:"C:\Program Files (x86)\Reference Assemblies\Microsoft\Framework\.NETFramework\v4.0\System.Core.dll" /r:"C:\Program Files (x86)\Reference Assemblies\Microsoft\Framework\.NETFramework\v4.0\System.Data.DataSetExtensions.dll" /r:"C:\Program Files (x86)\Reference Assemblies\Microsoft\Framework\.NETFramework\v4.0\System.Data.dll" /r:"C:\Program Files (x86)\Reference Assemblies\Microsoft\Framework\.NETFramework\v4.0\System.Deployment.dll" /r:"C:\Program Files (x86)\Reference Assemblies\Microsoft\Framework\.NETFramework\v4.0\System.dll" /r:"C:\Program Files (x86)\Reference Assemblies\Microsoft\Framework\.NETFramework\v4.0\System.Drawing.dll" /r:"C:\Program Files (x86)\Reference Assemblies\Microsoft\Framework\.NETFramework\v4.0\System.Windows.Forms.dll" /r:"C:\Program Files (x86)\Reference Assemblies\Microsoft\Framework\.NETFramework\v4.0\System.Xml.dll" /r:"C:\Program Files (x86)\Reference Assemblies\Microsoft\Framework\.NETFramework\v4.0\System.Xml.Linq.dll" /compile MainForm.resx,obj\x86\Release\FlowDiagram_2005.MainForm.resources Properties\Resources.resx,obj\x86\Release\FlowDiagram_2010.Properties.Resources.resources
  Processing resource file "MainForm.resx" into "obj\x86\Release\FlowDiagram_2005.MainForm.resources".
  Processing 24 resources from file "MainForm.resx".
  Processing resource file "Properties\Resources.resx" into "obj\x86\Release\FlowDiagram_2010.Properties.Resources.resources".
  Processing 0 resources from file "Properties\Resources.resx".
Done executing task "GenerateResource".
Done building target "CoreResGen" in project "FlowDiagram_2010.csproj".
Target "AfterResGen" in file "c:\Windows\Microsoft.NET\Framework\v4.0.30319\Microsoft.Common.targets" from project "C:\Users\amsathm\AppData\Local\Syncfusion\EssentialStudio\10.2.0.56\Windows\Diagram.Windows\Samples\2.0\Use Case Diagrams\Flow Diagram\cs\FlowDiagram_2010.csproj" (target "ResGen" depends on it):
Done building target "AfterResGen" in project "FlowDiagram_2010.csproj".
Target "ResGen" in file "c:\Windows\Microsoft.NET\Framework\v4.0.30319\Microsoft.Common.targets" from project "C:\Users\amsathm\AppData\Local\Syncfusion\EssentialStudio\10.2.0.56\Windows\Diagram.Windows\Samples\2.0\Use Case Diagrams\Flow Diagram\cs\FlowDiagram_2010.csproj" (target "PrepareResources" depends on it):
Done building target "ResGen" in project "FlowDiagram_2010.csproj".
Target "CompileLicxFiles" skipped, due to false condition; ('@(_LicxFile)'!='') was evaluated as (''!='').
Target "PrepareRdlFiles" in file "C:\Program Files (x86)\MSBuild\Microsoft\VisualStudio\v10.0\ReportingServices\Microsoft.ReportingServices.targets" from project "C:\Users\amsathm\AppData\Local\Syncfusion\EssentialStudio\10.2.0.56\Windows\Diagram.Windows\Samples\2.0\Use Case Diagrams\Flow Diagram\cs\FlowDiagram_2010.csproj" (target "CompileRdlFiles" depends on it):
Task "CreateItem" skipped, due to false condition; ('%(Extension)'=='.rdlc') was evaluated as ('.resx'=='.rdlc').
Task "CreateItem" skipped, due to false condition; ('%(Extension)'=='.rdlc') was evaluated as ('.PNG'=='.rdlc').
Done building target "PrepareRdlFiles" in project "FlowDiagram_2010.csproj".
Target "RunRdlCompiler" skipped, due to false condition; ('@(RdlFile)'!='') was evaluated as (''!='').
Target "CompileRdlFiles" in file "C:\Program Files (x86)\MSBuild\Microsoft\VisualStudio\v10.0\ReportingServices\Microsoft.ReportingServices.targets" from project "C:\Users\amsathm\AppData\Local\Syncfusion\EssentialStudio\10.2.0.56\Windows\Diagram.Windows\Samples\2.0\Use Case Diagrams\Flow Diagram\cs\FlowDiagram_2010.csproj" (target "PrepareResources" depends on it):
Done building target "CompileRdlFiles" in project "FlowDiagram_2010.csproj".
Target "PrepareResources" in file "c:\Windows\Microsoft.NET\Framework\v4.0.30319\Microsoft.Common.targets" from project "C:\Users\amsathm\AppData\Local\Syncfusion\EssentialStudio\10.2.0.56\Windows\Diagram.Windows\Samples\2.0\Use Case Diagrams\Flow Diagram\cs\FlowDiagram_2010.csproj" (target "CoreBuild" depends on it):
Done building target "PrepareResources" in project "FlowDiagram_2010.csproj".
Target "ResolveKeySource" skipped, due to false condition; ($(SignManifests) == 'true' or $(SignAssembly) == 'true') was evaluated as ( == 'true' or  == 'true').
Target "ResolveReferences" skipped. Previously built successfully.
Target "ResolveKeySource" skipped, due to false condition; ($(SignManifests) == 'true' or $(SignAssembly) == 'true') was evaluated as ( == 'true' or  == 'true').
Target "ResolveComReferences" skipped, due to false condition; ('@(COMReference)'!='' or '@(COMFileReference)'!='') was evaluated as (''!='' or ''!='').
Target "ResolveNativeReferences" skipped, due to false condition; ('@(NativeReference)'!='') was evaluated as (''!='').
Target "_SetExternalWin32ManifestProperties" skipped, due to false condition; ('$(GenerateClickOnceManifests)'=='true' or '@(NativeReference)'!='' or '@(ResolvedIsolatedComModules)'!='') was evaluated as (''=='true' or ''!='' or ''!='').
Target "_SetEmbeddedWin32ManifestProperties" in file "c:\Windows\Microsoft.NET\Framework\v4.0.30319\Microsoft.Common.targets" from project "C:\Users\amsathm\AppData\Local\Syncfusion\EssentialStudio\10.2.0.56\Windows\Diagram.Windows\Samples\2.0\Use Case Diagrams\Flow Diagram\cs\FlowDiagram_2010.csproj" (target "SetWin32ManifestProperties" depends on it):
Using "GetFrameworkPath" task from assembly "Microsoft.Build.Tasks.v4.0, Version=4.0.0.0, Culture=neutral, PublicKeyToken=b03f5f7f11d50a3a".
Task "GetFrameworkPath"
Done executing task "GetFrameworkPath".
Done building target "_SetEmbeddedWin32ManifestProperties" in project "FlowDiagram_2010.csproj".
Target "SetWin32ManifestProperties" in file "c:\Windows\Microsoft.NET\Framework\v4.0.30319\Microsoft.Common.targets" from project "C:\Users\amsathm\AppData\Local\Syncfusion\EssentialStudio\10.2.0.56\Windows\Diagram.Windows\Samples\2.0\Use Case Diagrams\Flow Diagram\cs\FlowDiagram_2010.csproj" (target "Compile" depends on it):
Done building target "SetWin32ManifestProperties" in project "FlowDiagram_2010.csproj".
Target "_GenerateCompileInputs" in file "c:\Windows\Microsoft.NET\Framework\v4.0.30319\Microsoft.Common.targets" from project "C:\Users\amsathm\AppData\Local\Syncfusion\EssentialStudio\10.2.0.56\Windows\Diagram.Windows\Samples\2.0\Use Case Diagrams\Flow Diagram\cs\FlowDiagram_2010.csproj" (target "Compile" depends on it):
Task "Warning" skipped, due to false condition; ('@(ManifestResourceWithNoCulture)'!='' and '%(ManifestResourceWithNoCulture.EmittedForCompatibilityOnly)'=='') was evaluated as ('obj\x86\Release\FlowDiagram_2005.MainForm.resources;obj\x86\Release\FlowDiagram_2010.Properties.Resources.resources'!='' and 'true'=='').
Task "Warning" skipped, due to false condition; ('@(ManifestNonResxWithNoCultureOnDisk)'!='' and '%(ManifestNonResxWithNoCultureOnDisk.EmittedForCompatibilityOnly)'=='') was evaluated as (''!='' and ''=='').
Done building target "_GenerateCompileInputs" in project "FlowDiagram_2010.csproj".
Target "PrepareForBuild" skipped. Previously built successfully.
Target "GetReferenceAssemblyPaths" skipped. Previously built successfully.
Target "_SetTargetFrameworkMonikerAttribute" in file "c:\Windows\Microsoft.NET\Framework\v4.0.30319\Microsoft.CSharp.targets" from project "C:\Users\amsathm\AppData\Local\Syncfusion\EssentialStudio\10.2.0.56\Windows\Diagram.Windows\Samples\2.0\Use Case Diagrams\Flow Diagram\cs\FlowDiagram_2010.csproj" (target "GenerateTargetFrameworkMonikerAttribute" depends on it):
Done building target "_SetTargetFrameworkMonikerAttribute" in project "FlowDiagram_2010.csproj".
Target "GenerateTargetFrameworkMonikerAttribute" in file "c:\Windows\Microsoft.NET\Framework\v4.0.30319\Microsoft.Common.targets" from project "C:\Users\amsathm\AppData\Local\Syncfusion\EssentialStudio\10.2.0.56\Windows\Diagram.Windows\Samples\2.0\Use Case Diagrams\Flow Diagram\cs\FlowDiagram_2010.csproj" (target "BeforeCompile" depends on it):
Skipping target "GenerateTargetFrameworkMonikerAttribute" because all output files are up-to-date with respect to the input files.
Input files: c:\Windows\Microsoft.NET\Framework\v4.0.30319\Microsoft.Common.targets
Output files: C:\Users\amsathm\AppData\Local\Temp\.NETFramework,Version=v4.0.AssemblyAttributes.cs
Done building target "GenerateTargetFrameworkMonikerAttribute" in project "FlowDiagram_2010.csproj".
Target "GenerateAdditionalSources" skipped, due to false condition; ('@(AssemblyAttributes)' != '' and '$(GenerateAdditionalSources)' == 'true') was evaluated as ('' != '' and '' == 'true').
Target "BeforeCompile" in file "c:\Windows\Microsoft.NET\Framework\v4.0.30319\Microsoft.Common.targets" from project "C:\Users\amsathm\AppData\Local\Syncfusion\EssentialStudio\10.2.0.56\Windows\Diagram.Windows\Samples\2.0\Use Case Diagrams\Flow Diagram\cs\FlowDiagram_2010.csproj" (target "Compile" depends on it):
Done building target "BeforeCompile" in project "FlowDiagram_2010.csproj".
Target "_TimeStampBeforeCompile" skipped, due to false condition; ('$(RunPostBuildEvent)'=='OnOutputUpdated' or ('$(RegisterForComInterop)'=='true' and '$(OutputType)'=='library')) was evaluated as (''=='OnOutputUpdated' or (''=='true' and 'WinExe'=='library')).
Target "_ComputeNonExistentFileProperty" skipped, due to false condition; (('$(BuildingInsideVisualStudio)' == 'true') and (('$(BuildingProject)' == 'false') or ('$(UseHostCompilerIfAvailable)' == 'true'))) was evaluated as (('' == 'true') and (('true' == 'false') or ('true' == 'true'))).
Target "CoreCompile" in file "c:\Windows\Microsoft.NET\Framework\v4.0.30319\Microsoft.CSharp.targets" from project "C:\Users\amsathm\AppData\Local\Syncfusion\EssentialStudio\10.2.0.56\Windows\Diagram.Windows\Samples\2.0\Use Case Diagrams\Flow Diagram\cs\FlowDiagram_2010.csproj" (target "Compile" depends on it):
Building target "CoreCompile" completely.
Input file "MainForm.cs" is newer than output file "obj\x86\Release\FlowDiagram_2010.pdb".
Using "Csc" task from assembly "Microsoft.Build.Tasks.v4.0, Version=4.0.0.0, Culture=neutral, PublicKeyToken=b03f5f7f11d50a3a".
Task "Csc"
  c:\Windows\Microsoft.NET\Framework\v4.0.30319\Csc.exe /noconfig /nowarn:1701,1702 /nostdlib+ /platform:x86 /errorreport:prompt /warn:4 /define:TRACE /reference:"C:\Program Files (x86)\Reference Assemblies\Microsoft\Framework\.NETFramework\v4.0\Microsoft.CSharp.dll" /reference:"C:\Program Files (x86)\Reference Assemblies\Microsoft\Framework\.NETFramework\v4.0\mscorlib.dll" /reference:"C:\Program Files (x86)\Syncfusion\Essential Studio\10.2.0.56\assemblies\4.0\Syncfusion.Core.dll" /reference:"C:\Program Files (x86)\Syncfusion\Essential Studio\10.2.0.56\assemblies\4.0\Syncfusion.Diagram.Base.dll" /reference:"C:\Program Files (x86)\Syncfusion\Essential Studio\10.2.0.56\assemblies\4.0\Syncfusion.Diagram.Windows.dll" /reference:"C:\Program Files (x86)\Syncfusion\Essential Studio\10.2.0.56\assemblies\4.0\Syncfusion.Shared.Base.dll" /reference:"C:\Program Files (x86)\Syncfusion\Essential Studio\10.2.0.56\assemblies\4.0\Syncfusion.Shared.Windows.dll" /reference:"C:\Program Files (x86)\Reference Assemblies\Microsoft\Framework\.NETFramework\v4.0\System.Core.dll" /reference:"C:\Program Files (x86)\Reference Assemblies\Microsoft\Framework\.NETFramework\v4.0\System.Data.DataSetExtensions.dll" /reference:"C:\Program Files (x86)\Reference Assemblies\Microsoft\Framework\.NETFramework\v4.0\System.Data.dll" /reference:"C:\Program Files (x86)\Reference Assemblies\Microsoft\Framework\.NETFramework\v4.0\System.Deployment.dll" /reference:"C:\Program Files (x86)\Reference Assemblies\Microsoft\Framework\.NETFramework\v4.0\System.dll" /reference:"C:\Program Files (x86)\Reference Assemblies\Microsoft\Framework\.NETFramework\v4.0\System.Drawing.dll" /reference:"C:\Program Files (x86)\Reference Assemblies\Microsoft\Framework\.NETFramework\v4.0\System.Windows.Forms.dll" /reference:"C:\Program Files (x86)\Reference Assemblies\Microsoft\Framework\.NETFramework\v4.0\System.Xml.dll" /reference:"C:\Program Files (x86)\Reference Assemblies\Microsoft\Framework\.NETFramework\v4.0\System.Xml.Linq.dll" /debug:pdbonly /filealign:512 /optimize+ /out:obj\x86\Release\FlowDiagram_2010.exe /resource:obj\x86\Release\FlowDiagram_2005.MainForm.resources /resource:obj\x86\Release\FlowDiagram_2010.Properties.Resources.resources /target:winexe MainForm.cs MainForm.Designer.cs Program.cs Properties\AssemblyInfo.cs Properties\Resources.Designer.cs Properties\Settings.Designer.cs "C:\Users\amsathm\AppData\Local\Temp\.NETFramework,Version=v4.0.AssemblyAttributes.cs"
  Microsoft (R) Visual C# 2010 Compiler version 4.0.30319.1
  Copyright (C) Microsoft Corporation. All rights reserved.
  
MainForm.cs(249,13): warning CS0618: 'Syncfusion.Windows.Forms.Diagram.View.HandleColor' is obsolete: 'This property will be no more supported since next version. Use HandleRenderer.HandleColor instead.' [C:\Users\amsathm\AppData\Local\Syncfusion\EssentialStudio\10.2.0.56\Windows\Diagram.Windows\Samples\2.0\Use Case Diagrams\Flow Diagram\cs\FlowDiagram_2010.csproj]
MainForm.cs(250,13): warning CS0618: 'Syncfusion.Windows.Forms.Diagram.View.HandleOutlineColor' is obsolete: 'This property will be no more supported since next version. Use HandleRenderer.HandleOutlineColor instead.' [C:\Users\amsathm\AppData\Local\Syncfusion\EssentialStudio\10.2.0.56\Windows\Diagram.Windows\Samples\2.0\Use Case Diagrams\Flow Diagram\cs\FlowDiagram_2010.csproj]
Done executing task "Csc".
Task "CallTarget" skipped, due to false condition; ('$(TargetsTriggeredByCompilation)' != '') was evaluated as ('' != '').
Done building target "CoreCompile" in project "FlowDiagram_2010.csproj".
Target "_TimeStampAfterCompile" skipped, due to false condition; ('$(RunPostBuildEvent)'=='OnOutputUpdated' or ('$(RegisterForComInterop)'=='true' and '$(OutputType)'=='library')) was evaluated as (''=='OnOutputUpdated' or (''=='true' and 'WinExe'=='library')).
Target "AfterCompile" in file "c:\Windows\Microsoft.NET\Framework\v4.0.30319\Microsoft.Common.targets" from project "C:\Users\amsathm\AppData\Local\Syncfusion\EssentialStudio\10.2.0.56\Windows\Diagram.Windows\Samples\2.0\Use Case Diagrams\Flow Diagram\cs\FlowDiagram_2010.csproj" (target "Compile" depends on it):
Done building target "AfterCompile" in project "FlowDiagram_2010.csproj".
Target "PrepareResourcesForSatelliteAssemblies" skipped, due to false condition; ('$(UICulture)' != '') was evaluated as ('' != '').
Target "MergeLocalizationDirectives" skipped, due to false condition; ('@(GeneratedLocalizationFiles)' !='') was evaluated as ('' !='').
Target "AfterCompileWinFX" in file "c:\Windows\Microsoft.NET\Framework\v4.0.30319\Microsoft.WinFX.targets" from project "C:\Users\amsathm\AppData\Local\Syncfusion\EssentialStudio\10.2.0.56\Windows\Diagram.Windows\Samples\2.0\Use Case Diagrams\Flow Diagram\cs\FlowDiagram_2010.csproj" (target "_AfterCompileWinFXInternal" depends on it):
Done building target "AfterCompileWinFX" in project "FlowDiagram_2010.csproj".
Target "_AfterCompileWinFXInternal" in file "c:\Windows\Microsoft.NET\Framework\v4.0.30319\Microsoft.WinFX.targets" from project "C:\Users\amsathm\AppData\Local\Syncfusion\EssentialStudio\10.2.0.56\Windows\Diagram.Windows\Samples\2.0\Use Case Diagrams\Flow Diagram\cs\FlowDiagram_2010.csproj" (target "Compile" depends on it):
Done building target "_AfterCompileWinFXInternal" in project "FlowDiagram_2010.csproj".
Target "Compile" in file "c:\Windows\Microsoft.NET\Framework\v4.0.30319\Microsoft.Common.targets" from project "C:\Users\amsathm\AppData\Local\Syncfusion\EssentialStudio\10.2.0.56\Windows\Diagram.Windows\Samples\2.0\Use Case Diagrams\Flow Diagram\cs\FlowDiagram_2010.csproj" (target "CoreBuild" depends on it):
Done building target "Compile" in project "FlowDiagram_2010.csproj".
Target "UnmanagedUnregistration" skipped, due to false condition; ((('$(_AssemblyTimestampBeforeCompile)' != '$(_AssemblyTimestampAfterCompile)' or '$(RegisterForComInterop)' != 'true' or '$(OutputType)' != 'library') or
                    ('$(_AssemblyTimestampBeforeCompile)' == '')) and
                   Exists('@(_UnmanagedRegistrationCache)')) was evaluated as ((('' != '' or '' != 'true' or 'WinExe' != 'library') or
                    ('' == '')) and
                   Exists('obj\FlowDiagram_2010.csproj.UnmanagedRegistration.cache')).
Target "GenerateSerializationAssemblies" skipped, due to false condition; ('$(_SGenGenerateSerializationAssembliesConfig)' == 'On' or ('@(WebReferenceUrl)'!='' and '$(_SGenGenerateSerializationAssembliesConfig)' == 'Auto')) was evaluated as ('Auto' == 'On' or (''!='' and 'Auto' == 'Auto')).
Target "_GenerateSatelliteAssemblyInputs" in file "c:\Windows\Microsoft.NET\Framework\v4.0.30319\Microsoft.Common.targets" from project "C:\Users\amsathm\AppData\Local\Syncfusion\EssentialStudio\10.2.0.56\Windows\Diagram.Windows\Samples\2.0\Use Case Diagrams\Flow Diagram\cs\FlowDiagram_2010.csproj" (target "CreateSatelliteAssemblies" depends on it):
Task "Warning" skipped, due to false condition; ('@(ManifestResourceWithCulture)'!='' and '%(ManifestResourceWithCulture.EmittedForCompatibilityOnly)'=='') was evaluated as (''!='' and ''=='').
Task "Warning" skipped, due to false condition; ('@(ManifestNonResxWithCultureOnDisk)'!='' and '%(ManifestNonResxWithCultureOnDisk.EmittedForCompatibilityOnly)'=='') was evaluated as (''!='' and ''=='').
Done building target "_GenerateSatelliteAssemblyInputs" in project "FlowDiagram_2010.csproj".
Target "CreateManifestResourceNames" skipped. Previously built successfully.
Target "ComputeIntermediateSatelliteAssemblies" in file "c:\Windows\Microsoft.NET\Framework\v4.0.30319\Microsoft.Common.targets" from project "C:\Users\amsathm\AppData\Local\Syncfusion\EssentialStudio\10.2.0.56\Windows\Diagram.Windows\Samples\2.0\Use Case Diagrams\Flow Diagram\cs\FlowDiagram_2010.csproj" (target "CreateSatelliteAssemblies" depends on it):
Done building target "ComputeIntermediateSatelliteAssemblies" in project "FlowDiagram_2010.csproj".
Target "GenerateSatelliteAssemblies" skipped, due to false condition; ('@(_SatelliteAssemblyResourceInputs)' != '') was evaluated as ('' != '').
Target "CreateSatelliteAssemblies" in file "c:\Windows\Microsoft.NET\Framework\v4.0.30319\Microsoft.Common.targets" from project "C:\Users\amsathm\AppData\Local\Syncfusion\EssentialStudio\10.2.0.56\Windows\Diagram.Windows\Samples\2.0\Use Case Diagrams\Flow Diagram\cs\FlowDiagram_2010.csproj" (target "CoreBuild" depends on it):
Done building target "CreateSatelliteAssemblies" in project "FlowDiagram_2010.csproj".
Target "GenerateManifests" skipped, due to false condition; ('$(GenerateClickOnceManifests)'=='true' or '@(NativeReference)'!='' or '@(ResolvedIsolatedComModules)'!='') was evaluated as (''=='true' or ''!='' or ''!='').
Target "GetTargetPath" in file "c:\Windows\Microsoft.NET\Framework\v4.0.30319\Microsoft.Common.targets" from project "C:\Users\amsathm\AppData\Local\Syncfusion\EssentialStudio\10.2.0.56\Windows\Diagram.Windows\Samples\2.0\Use Case Diagrams\Flow Diagram\cs\FlowDiagram_2010.csproj" (target "CoreBuild" depends on it):
Done building target "GetTargetPath" in project "FlowDiagram_2010.csproj".
Target "ComputeIntermediateSatelliteAssemblies" skipped. Previously built successfully.
Target "_CopyFilesMarkedCopyLocal" skipped, due to false condition; ('@(ReferenceCopyLocalPaths)' != '') was evaluated as ('' != '').
Target "AssignTargetPaths" skipped. Previously built successfully.
Target "_SplitProjectReferencesByFileExistence" skipped. Previously built successfully.
Target "GetCopyToOutputDirectoryItems" in file "c:\Windows\Microsoft.NET\Framework\v4.0.30319\Microsoft.Common.targets" from project "C:\Users\amsathm\AppData\Local\Syncfusion\EssentialStudio\10.2.0.56\Windows\Diagram.Windows\Samples\2.0\Use Case Diagrams\Flow Diagram\cs\FlowDiagram_2010.csproj" (target "_CopySourceItemsToOutputDirectory" depends on it):
Task "MSBuild" skipped, due to false condition; ('@(_MSBuildProjectReferenceExistent)' != '' and '$(_GetChildProjectCopyToOutputDirectoryItems)' == 'true' and '%(_MSBuildProjectReferenceExistent.Private)' != 'false' and '$(UseCommonOutputDirectory)' != 'true') was evaluated as ('' != '' and 'true' == 'true' and '' != 'false' and 'false' != 'true').
Task "AssignTargetPath"
Done executing task "AssignTargetPath".
Done building target "GetCopyToOutputDirectoryItems" in project "FlowDiagram_2010.csproj".
Target "_CopyOutOfDateSourceItemsToOutputDirectory" skipped, due to false condition; ( '@(_SourceItemsToCopyToOutputDirectory)' != '' ) was evaluated as ( '' != '' ).
Target "_CopyOutOfDateSourceItemsToOutputDirectoryAlways" skipped, due to false condition; ( '@(_SourceItemsToCopyToOutputDirectoryAlways)' != '' ) was evaluated as ( '' != '' ).
Target "_CopySourceItemsToOutputDirectory" in file "c:\Windows\Microsoft.NET\Framework\v4.0.30319\Microsoft.Common.targets" from project "C:\Users\amsathm\AppData\Local\Syncfusion\EssentialStudio\10.2.0.56\Windows\Diagram.Windows\Samples\2.0\Use Case Diagrams\Flow Diagram\cs\FlowDiagram_2010.csproj" (target "CopyFilesToOutputDirectory" depends on it):
Done building target "_CopySourceItemsToOutputDirectory" in project "FlowDiagram_2010.csproj".
Target "_CopyAppConfigFile" in file "c:\Windows\Microsoft.NET\Framework\v4.0.30319\Microsoft.Common.targets" from project "C:\Users\amsathm\AppData\Local\Syncfusion\EssentialStudio\10.2.0.56\Windows\Diagram.Windows\Samples\2.0\Use Case Diagrams\Flow Diagram\cs\FlowDiagram_2010.csproj" (target "CopyFilesToOutputDirectory" depends on it):
Building target "_CopyAppConfigFile" completely.
Output file "bin\Release\FlowDiagram_2010.exe.config" does not exist.
Using "Copy" task from assembly "Microsoft.Build.Tasks.v4.0, Version=4.0.0.0, Culture=neutral, PublicKeyToken=b03f5f7f11d50a3a".
Task "Copy"
  Copying file from "app.config" to "bin\Release\FlowDiagram_2010.exe.config".
Done executing task "Copy".
Done building target "_CopyAppConfigFile" in project "FlowDiagram_2010.csproj".
Target "_CopyManifestFiles" skipped, due to false condition; ( '$(_DeploymentCopyApplicationManifest)'=='true' or '$(GenerateClickOnceManifests)'=='true' ) was evaluated as ( ''=='true' or ''=='true' ).
Target "_CheckForCompileOutputs" in file "c:\Windows\Microsoft.NET\Framework\v4.0.30319\Microsoft.Common.targets" from project "C:\Users\amsathm\AppData\Local\Syncfusion\EssentialStudio\10.2.0.56\Windows\Diagram.Windows\Samples\2.0\Use Case Diagrams\Flow Diagram\cs\FlowDiagram_2010.csproj" (target "CopyFilesToOutputDirectory" depends on it):
Done building target "_CheckForCompileOutputs" in project "FlowDiagram_2010.csproj".
Target "_SGenCheckForOutputs" skipped, due to false condition; ('$(_SGenGenerateSerializationAssembliesConfig)' == 'On' or ('@(WebReferenceUrl)'!='' and '$(_SGenGenerateSerializationAssembliesConfig)' == 'Auto')) was evaluated as ('Auto' == 'On' or (''!='' and 'Auto' == 'Auto')).
Target "CopyFilesToOutputDirectory" in file "c:\Windows\Microsoft.NET\Framework\v4.0.30319\Microsoft.Common.targets" from project "C:\Users\amsathm\AppData\Local\Syncfusion\EssentialStudio\10.2.0.56\Windows\Diagram.Windows\Samples\2.0\Use Case Diagrams\Flow Diagram\cs\FlowDiagram_2010.csproj" (target "PrepareForRun" depends on it):
Task "Copy"
  Copying file from "obj\x86\Release\FlowDiagram_2010.exe" to "bin\Release\FlowDiagram_2010.exe".
Done executing task "Copy".
Task "Message"
  FlowDiagram_2010 -> C:\Users\amsathm\AppData\Local\Syncfusion\EssentialStudio\10.2.0.56\Windows\Diagram.Windows\Samples\2.0\Use Case Diagrams\Flow Diagram\cs\bin\Release\FlowDiagram_2010.exe
Done executing task "Message".
Task "Copy" skipped, due to false condition; ('@(AddModules)' != '') was evaluated as ('' != '').
Task "Copy" skipped, due to false condition; ('$(_SGenDllCreated)'=='true') was evaluated as ('false'=='true').
Task "Copy"
  Copying file from "obj\x86\Release\FlowDiagram_2010.pdb" to "bin\Release\FlowDiagram_2010.pdb".
Done executing task "Copy".
Task "Copy" skipped, due to false condition; ('$(_DocumentationFileProduced)'=='true') was evaluated as ('false'=='true').
Task "Copy" skipped, due to false condition; ('@(IntermediateSatelliteAssembliesWithTargetPath)' != '') was evaluated as ('' != '').
Task "Copy" skipped, due to false condition; ('@(ReferenceComWrappersToCopyLocal)' != '' or '@(ResolvedIsolatedComModules)' != '' or '@(_DeploymentLooseManifestFile)' != '' or '@(NativeReferenceFile)' != '' ) was evaluated as ('' != '' or '' != '' or '' != '' or '' != '' ).
Done building target "CopyFilesToOutputDirectory" in project "FlowDiagram_2010.csproj".
Target "PrepareForRun" in file "c:\Windows\Microsoft.NET\Framework\v4.0.30319\Microsoft.Common.targets" from project "C:\Users\amsathm\AppData\Local\Syncfusion\EssentialStudio\10.2.0.56\Windows\Diagram.Windows\Samples\2.0\Use Case Diagrams\Flow Diagram\cs\FlowDiagram_2010.csproj" (target "CoreBuild" depends on it):
Done building target "PrepareForRun" in project "FlowDiagram_2010.csproj".
Target "UnmanagedRegistration" skipped, due to false condition; ('$(RegisterForComInterop)'=='true' and '$(OutputType)'=='library') was evaluated as (''=='true' and 'WinExe'=='library').
Target "_CheckForCompileOutputs" skipped. Previously built successfully.
Target "_SGenCheckForOutputs" skipped, due to false condition; ('$(_SGenGenerateSerializationAssembliesConfig)' == 'On' or ('@(WebReferenceUrl)'!='' and '$(_SGenGenerateSerializationAssembliesConfig)' == 'Auto')) was evaluated as ('Auto' == 'On' or (''!='' and 'Auto' == 'Auto')).
Target "_CleanGetCurrentAndPriorFileWrites" in file "c:\Windows\Microsoft.NET\Framework\v4.0.30319\Microsoft.Common.targets" from project "C:\Users\amsathm\AppData\Local\Syncfusion\EssentialStudio\10.2.0.56\Windows\Diagram.Windows\Samples\2.0\Use Case Diagrams\Flow Diagram\cs\FlowDiagram_2010.csproj" (target "IncrementalClean" depends on it):
Using "ReadLinesFromFile" task from assembly "Microsoft.Build.Tasks.v4.0, Version=4.0.0.0, Culture=neutral, PublicKeyToken=b03f5f7f11d50a3a".
Task "ReadLinesFromFile"
Done executing task "ReadLinesFromFile".
Using "ConvertToAbsolutePath" task from assembly "Microsoft.Build.Tasks.v4.0, Version=4.0.0.0, Culture=neutral, PublicKeyToken=b03f5f7f11d50a3a".
Task "ConvertToAbsolutePath"
Done executing task "ConvertToAbsolutePath".
Using "FindUnderPath" task from assembly "Microsoft.Build.Tasks.v4.0, Version=4.0.0.0, Culture=neutral, PublicKeyToken=b03f5f7f11d50a3a".
Task "FindUnderPath"
  Comparison path is "C:\Users\amsathm\AppData\Local\Syncfusion\EssentialStudio\10.2.0.56\Windows\Diagram.Windows\Samples\2.0\Use Case Diagrams\Flow Diagram\cs".
Done executing task "FindUnderPath".
Task "FindUnderPath"
  Comparison path is "bin\Release\".
Done executing task "FindUnderPath".
Task "FindUnderPath"
  Comparison path is "obj\x86\Release\".
Done executing task "FindUnderPath".
Using "RemoveDuplicates" task from assembly "Microsoft.Build.Tasks.v4.0, Version=4.0.0.0, Culture=neutral, PublicKeyToken=b03f5f7f11d50a3a".
Task "RemoveDuplicates"
Done executing task "RemoveDuplicates".
Done building target "_CleanGetCurrentAndPriorFileWrites" in project "FlowDiagram_2010.csproj".
Target "IncrementalClean" in file "c:\Windows\Microsoft.NET\Framework\v4.0.30319\Microsoft.Common.targets" from project "C:\Users\amsathm\AppData\Local\Syncfusion\EssentialStudio\10.2.0.56\Windows\Diagram.Windows\Samples\2.0\Use Case Diagrams\Flow Diagram\cs\FlowDiagram_2010.csproj" (target "CoreBuild" depends on it):
Task "FindUnderPath"
  Comparison path is "bin\Release\".
Done executing task "FindUnderPath".
Task "FindUnderPath"
  Comparison path is "obj\x86\Release\".
Done executing task "FindUnderPath".
Using "Delete" task from assembly "Microsoft.Build.Tasks.v4.0, Version=4.0.0.0, Culture=neutral, PublicKeyToken=b03f5f7f11d50a3a".
Task "Delete"
Done executing task "Delete".
Task "RemoveDuplicates"
Done executing task "RemoveDuplicates".
Task "WriteLinesToFile" skipped, due to false condition; ('@(_CleanUnfilteredPriorFileWrites)'!='@(_CleanUniqueRemainingFileWritesAfterIncrementalClean)') was evaluated as ('C:\Users\amsathm\AppData\Local\Syncfusion\EssentialStudio\10.2.0.56\Windows\Diagram.Windows\Samples\2.0\Use Case Diagrams\Flow Diagram\cs\bin\Release\FlowDiagram_2010.exe.config;C:\Users\amsathm\AppData\Local\Syncfusion\EssentialStudio\10.2.0.56\Windows\Diagram.Windows\Samples\2.0\Use Case Diagrams\Flow Diagram\cs\bin\Release\FlowDiagram_2010.exe;C:\Users\amsathm\AppData\Local\Syncfusion\EssentialStudio\10.2.0.56\Windows\Diagram.Windows\Samples\2.0\Use Case Diagrams\Flow Diagram\cs\bin\Release\FlowDiagram_2010.pdb;C:\Users\amsathm\AppData\Local\Syncfusion\EssentialStudio\10.2.0.56\Windows\Diagram.Windows\Samples\2.0\Use Case Diagrams\Flow Diagram\cs\obj\x86\Release\ResolveAssemblyReference.cache;C:\Users\amsathm\AppData\Local\Syncfusion\EssentialStudio\10.2.0.56\Windows\Diagram.Windows\Samples\2.0\Use Case Diagrams\Flow Diagram\cs\obj\x86\Release\FlowDiagram_2005.MainForm.resources;C:\Users\amsathm\AppData\Local\Syncfusion\EssentialStudio\10.2.0.56\Windows\Diagram.Windows\Samples\2.0\Use Case Diagrams\Flow Diagram\cs\obj\x86\Release\FlowDiagram_2010.Properties.Resources.resources;C:\Users\amsathm\AppData\Local\Syncfusion\EssentialStudio\10.2.0.56\Windows\Diagram.Windows\Samples\2.0\Use Case Diagrams\Flow Diagram\cs\obj\x86\Release\GenerateResource.read.1.tlog;C:\Users\amsathm\AppData\Local\Syncfusion\EssentialStudio\10.2.0.56\Windows\Diagram.Windows\Samples\2.0\Use Case Diagrams\Flow Diagram\cs\obj\x86\Release\GenerateResource.write.1.tlog;C:\Users\amsathm\AppData\Local\Syncfusion\EssentialStudio\10.2.0.56\Windows\Diagram.Windows\Samples\2.0\Use Case Diagrams\Flow Diagram\cs\obj\x86\Release\FlowDiagram_2010.exe;C:\Users\amsathm\AppData\Local\Syncfusion\EssentialStudio\10.2.0.56\Windows\Diagram.Windows\Samples\2.0\Use Case Diagrams\Flow Diagram\cs\obj\x86\Release\FlowDiagram_2010.pdb'!='C:\Users\amsathm\AppData\Local\Syncfusion\EssentialStudio\10.2.0.56\Windows\Diagram.Windows\Samples\2.0\Use Case Diagrams\Flow Diagram\cs\bin\Release\FlowDiagram_2010.exe.config;C:\Users\amsathm\AppData\Local\Syncfusion\EssentialStudio\10.2.0.56\Windows\Diagram.Windows\Samples\2.0\Use Case Diagrams\Flow Diagram\cs\bin\Release\FlowDiagram_2010.exe;C:\Users\amsathm\AppData\Local\Syncfusion\EssentialStudio\10.2.0.56\Windows\Diagram.Windows\Samples\2.0\Use Case Diagrams\Flow Diagram\cs\bin\Release\FlowDiagram_2010.pdb;C:\Users\amsathm\AppData\Local\Syncfusion\EssentialStudio\10.2.0.56\Windows\Diagram.Windows\Samples\2.0\Use Case Diagrams\Flow Diagram\cs\obj\x86\Release\ResolveAssemblyReference.cache;C:\Users\amsathm\AppData\Local\Syncfusion\EssentialStudio\10.2.0.56\Windows\Diagram.Windows\Samples\2.0\Use Case Diagrams\Flow Diagram\cs\obj\x86\Release\FlowDiagram_2005.MainForm.resources;C:\Users\amsathm\AppData\Local\Syncfusion\EssentialStudio\10.2.0.56\Windows\Diagram.Windows\Samples\2.0\Use Case Diagrams\Flow Diagram\cs\obj\x86\Release\FlowDiagram_2010.Properties.Resources.resources;C:\Users\amsathm\AppData\Local\Syncfusion\EssentialStudio\10.2.0.56\Windows\Diagram.Windows\Samples\2.0\Use Case Diagrams\Flow Diagram\cs\obj\x86\Release\GenerateResource.read.1.tlog;C:\Users\amsathm\AppData\Local\Syncfusion\EssentialStudio\10.2.0.56\Windows\Diagram.Windows\Samples\2.0\Use Case Diagrams\Flow Diagram\cs\obj\x86\Release\GenerateResource.write.1.tlog;C:\Users\amsathm\AppData\Local\Syncfusion\EssentialStudio\10.2.0.56\Windows\Diagram.Windows\Samples\2.0\Use Case Diagrams\Flow Diagram\cs\obj\x86\Release\FlowDiagram_2010.exe;C:\Users\amsathm\AppData\Local\Syncfusion\EssentialStudio\10.2.0.56\Windows\Diagram.Windows\Samples\2.0\Use Case Diagrams\Flow Diagram\cs\obj\x86\Release\FlowDiagram_2010.pdb').
Done building target "IncrementalClean" in project "FlowDiagram_2010.csproj".
Target "PostBuildEvent" skipped, due to false condition; ('$(PostBuildEvent)' != '' and ('$(RunPostBuildEvent)' != 'OnOutputUpdated' or '$(_AssemblyTimestampBeforeCompile)' != '$(_AssemblyTimestampAfterCompile)')) was evaluated as ('' != '' and ('' != 'OnOutputUpdated' or '' != '')).
Target "CoreBuild" in file "c:\Windows\Microsoft.NET\Framework\v4.0.30319\Microsoft.Common.targets" from project "C:\Users\amsathm\AppData\Local\Syncfusion\EssentialStudio\10.2.0.56\Windows\Diagram.Windows\Samples\2.0\Use Case Diagrams\Flow Diagram\cs\FlowDiagram_2010.csproj" (target "Build" depends on it):
Done building target "CoreBuild" in project "FlowDiagram_2010.csproj".
Target "AfterBuild" in file "c:\Windows\Microsoft.NET\Framework\v4.0.30319\Microsoft.Common.targets" from project "C:\Users\amsathm\AppData\Local\Syncfusion\EssentialStudio\10.2.0.56\Windows\Diagram.Windows\Samples\2.0\Use Case Diagrams\Flow Diagram\cs\FlowDiagram_2010.csproj" (target "Build" depends on it):
Done building target "AfterBuild" in project "FlowDiagram_2010.csproj".
Target "Build" in file "c:\Windows\Microsoft.NET\Framework\v4.0.30319\Microsoft.Common.targets" from project "C:\Users\amsathm\AppData\Local\Syncfusion\EssentialStudio\10.2.0.56\Windows\Diagram.Windows\Samples\2.0\Use Case Diagrams\Flow Diagram\cs\FlowDiagram_2010.csproj" (entry point):
Done building target "Build" in project "FlowDiagram_2010.csproj".
Done Building Project "C:\Users\amsathm\AppData\Local\Syncfusion\EssentialStudio\10.2.0.56\Windows\Diagram.Windows\Samples\2.0\Use Case Diagrams\Flow Diagram\cs\FlowDiagram_2010.csproj" (default targets).


Build succeeded.

"C:\Users\amsathm\AppData\Local\Syncfusion\EssentialStudio\10.2.0.56\Windows\Diagram.Windows\Samples\2.0\Use Case Diagrams\Flow Diagram\cs\FlowDiagram_2010.csproj" (default target) (1) ->
(CoreCompile target) -> 
  MainForm.cs(249,13): warning CS0618: 'Syncfusion.Windows.Forms.Diagram.View.HandleColor' is obsolete: 'This property will be no more supported since next version. Use HandleRenderer.HandleColor instead.' [C:\Users\amsathm\AppData\Local\Syncfusion\EssentialStudio\10.2.0.56\Windows\Diagram.Windows\Samples\2.0\Use Case Diagrams\Flow Diagram\cs\FlowDiagram_2010.csproj]
  MainForm.cs(250,13): warning CS0618: 'Syncfusion.Windows.Forms.Diagram.View.HandleOutlineColor' is obsolete: 'This property will be no more supported since next version. Use HandleRenderer.HandleOutlineColor instead.' [C:\Users\amsathm\AppData\Local\Syncfusion\EssentialStudio\10.2.0.56\Windows\Diagram.Windows\Samples\2.0\Use Case Diagrams\Flow Diagram\cs\FlowDiagram_2010.csproj]

    2 Warning(s)
    0 Error(s)

Time Elapsed 00:00:02.31
